#
# There is insufficient memory for the Java Runtime Environment to continue.
# Native memory allocation (malloc) failed to allocate 2118096 bytes for Chunk::new
# Possible reasons:
#   The system is out of physical RAM or swap space
#   The process is running with CompressedOops enabled, and the Java Heap may be blocking the growth of the native heap
# Possible solutions:
#   Reduce memory load on the system
#   Increase physical memory or swap space
#   Check if swap backing store is full
#   Decrease Java heap size (-Xmx/-Xms)
#   Decrease number of Java threads
#   Decrease Java thread stack sizes (-Xss)
#   Set larger code cache with -XX:ReservedCodeCacheSize=
#   JVM is running with Unscaled Compressed Oops mode in which the Java heap is
#     placed in the first 4GB address space. The Java Heap base address is the
#     maximum limit for the native heap growth. Please use -XX:HeapBaseMinAddress
#     to set the Java Heap base and to place the Java Heap above 4GB virtual address.
# This output file may be truncated or incomplete.
#
#  Out of Memory Error (src/hotspot/share/memory/arena.cpp:197), pid=18232, tid=15928
#
# JRE version: OpenJDK Runtime Environment (11.0.15) (build 11.0.15+0-b2043.56-9505619)
# Java VM: OpenJDK 64-Bit Server VM (11.0.15+0-b2043.56-9505619, mixed mode, tiered, compressed oops, g1 gc, windows-amd64)
# No core dump will be written. Minidumps are not enabled by default on client versions of Windows
#

---------------  S U M M A R Y ------------

Command Line: --add-opens=java.base/java.util=ALL-UNNAMED --add-opens=java.base/java.lang=ALL-UNNAMED --add-opens=java.base/java.lang.invoke=ALL-UNNAMED --add-opens=java.prefs/java.util.prefs=ALL-UNNAMED -Xmx2048m -Dfile.encoding=UTF-8 -Duser.country=KR -Duser.language=ko -Duser.variant org.gradle.launcher.daemon.bootstrap.GradleDaemon 6.7.1

Host: Intel(R) Core(TM) i7-9750H CPU @ 2.60GHz, 12 cores, 15G,  Windows 10 , 64 bit Build 19041 (10.0.19041.2546)
Time: Tue Feb 21 13:42:07 2023  Windows 10 , 64 bit Build 19041 (10.0.19041.2546) elapsed time: 116.509025 seconds (0d 0h 1m 56s)

---------------  T H R E A D  ---------------

Current thread (0x000001c3a25d9800):  JavaThread "C2 CompilerThread1" daemon [_thread_in_native, id=15928, stack(0x00000032d3700000,0x00000032d3800000)]


Current CompileTask:
C2: 116509 13397       4       org.gradle.internal.logging.sink.OutputEventTransformer::onOutput (399 bytes)

Stack: [0x00000032d3700000,0x00000032d3800000]
Native frames: (J=compiled Java code, j=interpreted, Vv=VM code, C=native code)
V  [jvm.dll+0x64135a]
V  [jvm.dll+0x7d39f9]
V  [jvm.dll+0x7d51b9]
V  [jvm.dll+0x7d58a3]
V  [jvm.dll+0x2691c5]
V  [jvm.dll+0xc1a5c]
V  [jvm.dll+0xc200c]
V  [jvm.dll+0x377462]
V  [jvm.dll+0x342495]
V  [jvm.dll+0x34186a]
V  [jvm.dll+0x2214bd]
V  [jvm.dll+0x220498]
V  [jvm.dll+0x19e851]
V  [jvm.dll+0x230479]
V  [jvm.dll+0x22e5ef]
V  [jvm.dll+0x794de1]
V  [jvm.dll+0x78dc24]
V  [jvm.dll+0x6400f6]
C  [ucrtbase.dll+0x21bb2]
C  [KERNEL32.DLL+0x17614]
C  [ntdll.dll+0x526a1]


---------------  P R O C E S S  ---------------

Threads class SMR info:
_java_thread_list=0x000001c3a8e178a0, length=150, elements={
0x000001c385cda000, 0x000001c3a0e2d000, 0x000001c3a0e36800, 0x000001c3a0ea1000,
0x000001c3a0ea2000, 0x000001c3a0ea4000, 0x000001c3a0ea9800, 0x000001c3a0eab800,
0x000001c3a0ead000, 0x000001c3a1026000, 0x000001c3a2567800, 0x000001c3a1111000,
0x000001c3a3324000, 0x000001c3a269c000, 0x000001c3a2697000, 0x000001c3a269d800,
0x000001c3a269a000, 0x000001c3a4dbf800, 0x000001c3a4a29800, 0x000001c3a4971000,
0x000001c3a4973800, 0x000001c3a496f800, 0x000001c3a496e800, 0x000001c3a497b000,
0x000001c3a4979000, 0x000001c3a4978800, 0x000001c3a497c800, 0x000001c3aa108800,
0x000001c3aa107000, 0x000001c3aa108000, 0x000001c3a4a28800, 0x000001c3a4a2a000,
0x000001c3a25d9800, 0x000001c3a4a30000, 0x000001c3a4a2c800, 0x000001c3a4a2f000,
0x000001c3a4a2e000, 0x000001c3a4a2c000, 0x000001c3a4a30800, 0x000001c3a4a2b000,
0x000001c3a4a36800, 0x000001c3a4a35000, 0x000001c3a4a33000, 0x000001c3a3fca800,
0x000001c3a4a32800, 0x000001c3a4a37000, 0x000001c3a4a31800, 0x000001c3a4a34000,
0x000001c3a4a35800, 0x000001c3aa109800, 0x000001c3aa10a800, 0x000001c3aa10b000,
0x000001c3aa10c000, 0x000001c3aa106800, 0x000001c3aa111800, 0x000001c3aa111000,
0x000001c3aa10d800, 0x000001c3aa112800, 0x000001c3aa10d000, 0x000001c3aa114000,
0x000001c3aa113800, 0x000001c3aa10e800, 0x000001c3aa115000, 0x000001c3aa110000,
0x000001c3aa10f000, 0x000001c3a496d800, 0x000001c3a4970000, 0x000001c3a4975000,
0x000001c3a4974800, 0x000001c3a4976000, 0x000001c3a4972000, 0x000001c3a4976800,
0x000001c3a4977800, 0x000001c3a4972800, 0x000001c3a497a000, 0x000001c3a497b800,
0x000001c3a4dc4000, 0x000001c3a4dc1000, 0x000001c3a4dc2000, 0x000001c3a4dc5000,
0x000001c3a4dc2800, 0x000001c3a4dc0000, 0x000001c3a2697800, 0x000001c3a269c800,
0x000001c3a2698800, 0x000001c3a2699800, 0x000001c3a269b000, 0x000001c3abc17800,
0x000001c3abc14800, 0x000001c3abc19800, 0x000001c3abc17000, 0x000001c3abc18800,
0x000001c3abc13800, 0x000001c3abc1a000, 0x000001c3abc15000, 0x000001c3abc1b000,
0x000001c3abc1c000, 0x000001c3abc16000, 0x000001c3abc1f000, 0x000001c3abc20800,
0x000001c3abc21800, 0x000001c3abc22800, 0x000001c3abc20000, 0x000001c3abc1c800,
0x000001c3abc1e000, 0x000001c3abc1d800, 0x000001c3a2e89800, 0x000001c3a2e88000,
0x000001c3a2e86000, 0x000001c3a2e85800, 0x000001c3a2e8a800, 0x000001c3a2e84800,
0x000001c3a2e87000, 0x000001c3a2e88800, 0x000001c3a2e8d000, 0x000001c3a2e90000,
0x000001c3a2e91000, 0x000001c3a2e8b000, 0x000001c3a2e91800, 0x000001c3a2e8c000,
0x000001c3a2e92800, 0x000001c3a2e8d800, 0x000001c3a2e93800, 0x000001c3a2e8f000,
0x000001c3a2e8e800, 0x000001c3a3e7b800, 0x000001c3a3e78800, 0x000001c3a3e7f000,
0x000001c3a3e7e000, 0x000001c3a3e7a000, 0x000001c3a3e7c800, 0x000001c3a3e7d000,
0x000001c3a3e79000, 0x000001c3a3e7f800, 0x000001c3a3e80800, 0x000001c3a3e7a800,
0x000001c3a3e81000, 0x000001c3a3e85800, 0x000001c3a3e86000, 0x000001c3a3e84800,
0x000001c3a3e83000, 0x000001c3a3e82000, 0x000001c3a3e87000, 0x000001c3a3e83800,
0x000001c3ac746800, 0x000001c3ac747800, 0x000001c3ac748000, 0x000001c3ac744000,
0x000001c3ac745800, 0x000001c3ac749000
}

Java Threads: ( => current thread )
  0x000001c385cda000 JavaThread "main" [_thread_blocked, id=3084, stack(0x00000032d3800000,0x00000032d3900000)]
  0x000001c3a0e2d000 JavaThread "Reference Handler" daemon [_thread_blocked, id=8460, stack(0x00000032d3f00000,0x00000032d4000000)]
  0x000001c3a0e36800 JavaThread "Finalizer" daemon [_thread_blocked, id=12228, stack(0x00000032d4000000,0x00000032d4100000)]
  0x000001c3a0ea1000 JavaThread "Signal Dispatcher" daemon [_thread_blocked, id=13856, stack(0x00000032d4100000,0x00000032d4200000)]
  0x000001c3a0ea2000 JavaThread "Attach Listener" daemon [_thread_blocked, id=6828, stack(0x00000032d4200000,0x00000032d4300000)]
  0x000001c3a0ea4000 JavaThread "Service Thread" daemon [_thread_blocked, id=16984, stack(0x00000032d4300000,0x00000032d4400000)]
  0x000001c3a0ea9800 JavaThread "C2 CompilerThread0" daemon [_thread_in_native, id=6784, stack(0x00000032d4400000,0x00000032d4500000)]
  0x000001c3a0eab800 JavaThread "C1 CompilerThread0" daemon [_thread_in_native, id=2228, stack(0x00000032d4500000,0x00000032d4600000)]
  0x000001c3a0ead000 JavaThread "Sweeper thread" daemon [_thread_blocked, id=15552, stack(0x00000032d4600000,0x00000032d4700000)]
  0x000001c3a1026000 JavaThread "Common-Cleaner" daemon [_thread_blocked, id=17612, stack(0x00000032d4700000,0x00000032d4800000)]
  0x000001c3a2567800 JavaThread "Daemon health stats" [_thread_blocked, id=5888, stack(0x00000032d5000000,0x00000032d5100000)]
  0x000001c3a1111000 JavaThread "Incoming local TCP Connector on port 65415" [_thread_in_native, id=18364, stack(0x00000032d5100000,0x00000032d5200000)]
  0x000001c3a3324000 JavaThread "Daemon periodic checks" [_thread_blocked, id=18368, stack(0x00000032d5200000,0x00000032d5300000)]
  0x000001c3a269c000 JavaThread "Cache worker for file hash cache (C:\Users\trian\.gradle\caches\6.7.1\fileHashes)" [_thread_blocked, id=3908, stack(0x00000032d5b00000,0x00000032d5c00000)]
  0x000001c3a2697000 JavaThread "File lock request listener" [_thread_in_native, id=16540, stack(0x00000032d5c00000,0x00000032d5d00000)]
  0x000001c3a269d800 JavaThread "Cache worker for journal cache (C:\Users\trian\.gradle\caches\journal-1)" [_thread_blocked, id=4216, stack(0x00000032d6300000,0x00000032d6400000)]
  0x000001c3a269a000 JavaThread "Cache worker for execution history cache (C:\Users\trian\.gradle\caches\6.7.1\executionHistory)" [_thread_blocked, id=17404, stack(0x00000032d6800000,0x00000032d6900000)]
  0x000001c3a4dbf800 JavaThread "Cache worker for file content cache (C:\Users\trian\.gradle\caches\6.7.1\fileContent)" [_thread_blocked, id=1760, stack(0x00000032d6a00000,0x00000032d6b00000)]
  0x000001c3a4a29800 JavaThread "Memory manager" [_thread_blocked, id=12432, stack(0x00000032dd600000,0x00000032dd700000)]
  0x000001c3a4971000 JavaThread "Cache worker for Java compile cache (C:\Users\trian\.gradle\caches\6.7.1\javaCompile)" [_thread_blocked, id=10628, stack(0x00000032de300000,0x00000032de400000)]
  0x000001c3a4973800 JavaThread "ForkJoinPool.commonPool-worker-19" daemon [_thread_blocked, id=10352, stack(0x00000032de700000,0x00000032de800000)]
  0x000001c3a496f800 JavaThread "ForkJoinPool.commonPool-worker-5" daemon [_thread_blocked, id=16368, stack(0x00000032de800000,0x00000032de900000)]
  0x000001c3a496e800 JavaThread "ForkJoinPool.commonPool-worker-23" daemon [_thread_blocked, id=12120, stack(0x00000032de900000,0x00000032dea00000)]
  0x000001c3a497b000 JavaThread "ForkJoinPool.commonPool-worker-9" daemon [_thread_blocked, id=15000, stack(0x00000032df200000,0x00000032df300000)]
  0x000001c3a4979000 JavaThread "ForkJoinPool.commonPool-worker-27" daemon [_thread_blocked, id=12692, stack(0x00000032df300000,0x00000032df400000)]
  0x000001c3a4978800 JavaThread "ForkJoinPool.commonPool-worker-13" daemon [_thread_blocked, id=2264, stack(0x00000032df400000,0x00000032df500000)]
  0x000001c3a497c800 JavaThread "ForkJoinPool.commonPool-worker-31" daemon [_thread_blocked, id=9580, stack(0x00000032df500000,0x00000032df600000)]
  0x000001c3aa108800 JavaThread "ForkJoinPool.commonPool-worker-3" daemon [_thread_blocked, id=10688, stack(0x00000032df700000,0x00000032df800000)]
  0x000001c3aa107000 JavaThread "ForkJoinPool.commonPool-worker-21" daemon [_thread_blocked, id=13404, stack(0x00000032df800000,0x00000032df900000)]
  0x000001c3aa108000 JavaThread "ForkJoinPool.commonPool-worker-7" daemon [_thread_blocked, id=13972, stack(0x00000032df900000,0x00000032dfa00000)]
  0x000001c3a4a28800 JavaThread "Daemon Thread 2" [_thread_blocked, id=8524, stack(0x00000032d3500000,0x00000032d3600000)]
  0x000001c3a4a2a000 JavaThread "Handler for socket connection from /127.0.0.1:65415 to /127.0.0.1:49167" [_thread_in_native, id=1356, stack(0x00000032d3600000,0x00000032d3700000)]
=>0x000001c3a25d9800 JavaThread "C2 CompilerThread1" daemon [_thread_in_native, id=15928, stack(0x00000032d3700000,0x00000032d3800000)]
  0x000001c3a4a30000 JavaThread "Cancel handler" [_thread_blocked, id=10724, stack(0x00000032d5300000,0x00000032d5400000)]
  0x000001c3a4a2c800 JavaThread "Daemon worker Thread 2" [_thread_in_native, id=7016, stack(0x00000032d5400000,0x00000032d5500000)]
  0x000001c3a4a2f000 JavaThread "Asynchronous log dispatcher for DefaultDaemonConnection: socket connection from /127.0.0.1:65415 to /127.0.0.1:49167" [_thread_blocked, id=3520, stack(0x00000032d5500000,0x00000032d5600000)]
  0x000001c3a4a2e000 JavaThread "Stdin handler" [_thread_blocked, id=16748, stack(0x00000032d5600000,0x00000032d5700000)]
  0x000001c3a4a2c000 JavaThread "Thread-153" [_thread_blocked, id=12332, stack(0x00000032d5700000,0x00000032d5800000)]
  0x000001c3a4a30800 JavaThread "Cache worker for file hash cache (D:\Obone\.gradle\6.7.1\fileHashes)" [_thread_blocked, id=5504, stack(0x00000032d5800000,0x00000032d5900000)]
  0x000001c3a4a2b000 JavaThread "Cache worker for checksums cache (D:\Obone\.gradle\checksums)" [_thread_blocked, id=12268, stack(0x00000032d5900000,0x00000032d5a00000)]
  0x000001c3a4a36800 JavaThread "Cache worker for cache directory md-supplier (C:\Users\trian\.gradle\caches\6.7.1\md-supplier)" [_thread_blocked, id=8860, stack(0x00000032d5a00000,0x00000032d5b00000)]
  0x000001c3a4a35000 JavaThread "Cache worker for cache directory md-rule (C:\Users\trian\.gradle\caches\6.7.1\md-rule)" [_thread_blocked, id=5408, stack(0x00000032d6400000,0x00000032d6500000)]
  0x000001c3a4a33000 JavaThread "Cache worker for Build Output Cleanup Cache (D:\Obone\.gradle\buildOutputCleanup)" [_thread_blocked, id=10880, stack(0x00000032d6500000,0x00000032d6600000)]
  0x000001c3a3fca800 JavaThread "C2 CompilerThread2" daemon [_thread_in_native, id=17384, stack(0x00000032d6600000,0x00000032d6700000)]
  0x000001c3a4a32800 JavaThread "Build operations" [_thread_blocked, id=13076, stack(0x00000032d6700000,0x00000032d6800000)]
  0x000001c3a4a37000 JavaThread "Build operations Thread 2" [_thread_blocked, id=9964, stack(0x00000032d6900000,0x00000032d6a00000)]
  0x000001c3a4a31800 JavaThread "Build operations Thread 3" [_thread_blocked, id=11856, stack(0x00000032d6b00000,0x00000032d6c00000)]
  0x000001c3a4a34000 JavaThread "Build operations Thread 4" [_thread_blocked, id=3196, stack(0x00000032d6c00000,0x00000032d6d00000)]
  0x000001c3a4a35800 JavaThread "Build operations Thread 5" [_thread_blocked, id=14100, stack(0x00000032d6d00000,0x00000032d6e00000)]
  0x000001c3aa109800 JavaThread "Build operations Thread 6" [_thread_blocked, id=12088, stack(0x00000032d6e00000,0x00000032d6f00000)]
  0x000001c3aa10a800 JavaThread "Build operations Thread 7" [_thread_blocked, id=13444, stack(0x00000032d6f00000,0x00000032d7000000)]
  0x000001c3aa10b000 JavaThread "Build operations Thread 8" [_thread_blocked, id=13916, stack(0x00000032d7000000,0x00000032d7100000)]
  0x000001c3aa10c000 JavaThread "Build operations Thread 9" [_thread_blocked, id=7560, stack(0x00000032d7100000,0x00000032d7200000)]
  0x000001c3aa106800 JavaThread "Build operations Thread 10" [_thread_blocked, id=13520, stack(0x00000032d7200000,0x00000032d7300000)]
  0x000001c3aa111800 JavaThread "Build operations Thread 11" [_thread_blocked, id=4796, stack(0x00000032d7300000,0x00000032d7400000)]
  0x000001c3aa111000 JavaThread "Build operations Thread 12" [_thread_blocked, id=5840, stack(0x00000032d7400000,0x00000032d7500000)]
  0x000001c3aa10d800 JavaThread "jar transforms Thread 95" [_thread_blocked, id=1632, stack(0x00000032d7500000,0x00000032d7600000)]
  0x000001c3aa112800 JavaThread "jar transforms Thread 96" [_thread_blocked, id=12944, stack(0x00000032d7600000,0x00000032d7700000)]
  0x000001c3aa10d000 JavaThread "jar transforms Thread 97" [_thread_blocked, id=16148, stack(0x00000032d7700000,0x00000032d7800000)]
  0x000001c3aa114000 JavaThread "jar transforms Thread 98" [_thread_blocked, id=14608, stack(0x00000032d7800000,0x00000032d7900000)]
  0x000001c3aa113800 JavaThread "jar transforms Thread 99" [_thread_blocked, id=6800, stack(0x00000032d7900000,0x00000032d7a00000)]
  0x000001c3aa10e800 JavaThread "jar transforms Thread 100" [_thread_blocked, id=12508, stack(0x00000032d7a00000,0x00000032d7b00000)]
  0x000001c3aa115000 JavaThread "jar transforms Thread 101" [_thread_blocked, id=14108, stack(0x00000032d7b00000,0x00000032d7c00000)]
  0x000001c3aa110000 JavaThread "jar transforms Thread 102" [_thread_blocked, id=8456, stack(0x00000032d7c00000,0x00000032d7d00000)]
  0x000001c3aa10f000 JavaThread "jar transforms Thread 103" [_thread_blocked, id=11588, stack(0x00000032d7d00000,0x00000032d7e00000)]
  0x000001c3a496d800 JavaThread "jar transforms Thread 104" [_thread_blocked, id=12360, stack(0x00000032d7e00000,0x00000032d7f00000)]
  0x000001c3a4970000 JavaThread "jar transforms Thread 105" [_thread_blocked, id=17000, stack(0x00000032d7f00000,0x00000032d8000000)]
  0x000001c3a4975000 JavaThread "jar transforms Thread 106" [_thread_blocked, id=9940, stack(0x00000032d8000000,0x00000032d8100000)]
  0x000001c3a4974800 JavaThread "jar transforms Thread 107" [_thread_blocked, id=8708, stack(0x00000032d8100000,0x00000032d8200000)]
  0x000001c3a4976000 JavaThread "jar transforms Thread 108" [_thread_blocked, id=15776, stack(0x00000032d8200000,0x00000032d8300000)]
  0x000001c3a4972000 JavaThread "jar transforms Thread 109" [_thread_blocked, id=17772, stack(0x00000032d8300000,0x00000032d8400000)]
  0x000001c3a4976800 JavaThread "jar transforms Thread 110" [_thread_blocked, id=8496, stack(0x00000032d8400000,0x00000032d8500000)]
  0x000001c3a4977800 JavaThread "jar transforms Thread 111" [_thread_blocked, id=15420, stack(0x00000032d8500000,0x00000032d8600000)]
  0x000001c3a4972800 JavaThread "jar transforms Thread 112" [_thread_blocked, id=15832, stack(0x00000032d8600000,0x00000032d8700000)]
  0x000001c3a497a000 JavaThread "jar transforms Thread 113" [_thread_blocked, id=14936, stack(0x00000032d8700000,0x00000032d8800000)]
  0x000001c3a497b800 JavaThread "jar transforms Thread 114" [_thread_blocked, id=15480, stack(0x00000032d8800000,0x00000032d8900000)]
  0x000001c3a4dc4000 JavaThread "jar transforms Thread 115" [_thread_blocked, id=8680, stack(0x00000032d8900000,0x00000032d8a00000)]
  0x000001c3a4dc1000 JavaThread "jar transforms Thread 116" [_thread_blocked, id=13824, stack(0x00000032d8a00000,0x00000032d8b00000)]
  0x000001c3a4dc2000 JavaThread "jar transforms Thread 117" [_thread_blocked, id=9976, stack(0x00000032d8b00000,0x00000032d8c00000)]
  0x000001c3a4dc5000 JavaThread "jar transforms Thread 118" [_thread_blocked, id=16380, stack(0x00000032d8c00000,0x00000032d8d00000)]
  0x000001c3a4dc2800 JavaThread "jar transforms Thread 119" [_thread_blocked, id=15732, stack(0x00000032d8d00000,0x00000032d8e00000)]
  0x000001c3a4dc0000 JavaThread "jar transforms Thread 120" [_thread_blocked, id=17880, stack(0x00000032d8e00000,0x00000032d8f00000)]
  0x000001c3a2697800 JavaThread "jar transforms Thread 121" [_thread_blocked, id=14476, stack(0x00000032d8f00000,0x00000032d9000000)]
  0x000001c3a269c800 JavaThread "jar transforms Thread 122" [_thread_blocked, id=1720, stack(0x00000032d9000000,0x00000032d9100000)]
  0x000001c3a2698800 JavaThread "jar transforms Thread 123" [_thread_blocked, id=1740, stack(0x00000032d9100000,0x00000032d9200000)]
  0x000001c3a2699800 JavaThread "jar transforms Thread 124" [_thread_blocked, id=12548, stack(0x00000032d9200000,0x00000032d9300000)]
  0x000001c3a269b000 JavaThread "jar transforms Thread 125" [_thread_blocked, id=11312, stack(0x00000032d9300000,0x00000032d9400000)]
  0x000001c3abc17800 JavaThread "jar transforms Thread 126" [_thread_blocked, id=1560, stack(0x00000032d9400000,0x00000032d9500000)]
  0x000001c3abc14800 JavaThread "jar transforms Thread 127" [_thread_blocked, id=2760, stack(0x00000032d9500000,0x00000032d9600000)]
  0x000001c3abc19800 JavaThread "jar transforms Thread 128" [_thread_blocked, id=12176, stack(0x00000032d9600000,0x00000032d9700000)]
  0x000001c3abc17000 JavaThread "jar transforms Thread 129" [_thread_blocked, id=8332, stack(0x00000032d9700000,0x00000032d9800000)]
  0x000001c3abc18800 JavaThread "jar transforms Thread 130" [_thread_blocked, id=9368, stack(0x00000032d9800000,0x00000032d9900000)]
  0x000001c3abc13800 JavaThread "jar transforms Thread 131" [_thread_blocked, id=15124, stack(0x00000032d9900000,0x00000032d9a00000)]
  0x000001c3abc1a000 JavaThread "jar transforms Thread 132" [_thread_blocked, id=16244, stack(0x00000032d9a00000,0x00000032d9b00000)]
  0x000001c3abc15000 JavaThread "jar transforms Thread 133" [_thread_blocked, id=17728, stack(0x00000032d9b00000,0x00000032d9c00000)]
  0x000001c3abc1b000 JavaThread "jar transforms Thread 134" [_thread_blocked, id=15396, stack(0x00000032d9c00000,0x00000032d9d00000)]
  0x000001c3abc1c000 JavaThread "jar transforms Thread 135" [_thread_blocked, id=9468, stack(0x00000032d9d00000,0x00000032d9e00000)]
  0x000001c3abc16000 JavaThread "jar transforms Thread 136" [_thread_blocked, id=11008, stack(0x00000032d9e00000,0x00000032d9f00000)]
  0x000001c3abc1f000 JavaThread "jar transforms Thread 137" [_thread_blocked, id=284, stack(0x00000032d9f00000,0x00000032da000000)]
  0x000001c3abc20800 JavaThread "jar transforms Thread 138" [_thread_blocked, id=14756, stack(0x00000032da000000,0x00000032da100000)]
  0x000001c3abc21800 JavaThread "jar transforms Thread 139" [_thread_blocked, id=7216, stack(0x00000032da100000,0x00000032da200000)]
  0x000001c3abc22800 JavaThread "jar transforms Thread 140" [_thread_blocked, id=4832, stack(0x00000032da200000,0x00000032da300000)]
  0x000001c3abc20000 JavaThread "jar transforms Thread 141" [_thread_blocked, id=3348, stack(0x00000032da300000,0x00000032da400000)]
  0x000001c3abc1c800 JavaThread "jar transforms Thread 142" [_thread_blocked, id=7316, stack(0x00000032da400000,0x00000032da500000)]
  0x000001c3abc1e000 JavaThread "jar transforms Thread 143" [_thread_blocked, id=16916, stack(0x00000032da500000,0x00000032da600000)]
  0x000001c3abc1d800 JavaThread "jar transforms Thread 144" [_thread_blocked, id=8828, stack(0x00000032da600000,0x00000032da700000)]
  0x000001c3a2e89800 JavaThread "jar transforms Thread 145" [_thread_blocked, id=9896, stack(0x00000032da700000,0x00000032da800000)]
  0x000001c3a2e88000 JavaThread "jar transforms Thread 146" [_thread_blocked, id=7120, stack(0x00000032da800000,0x00000032da900000)]
  0x000001c3a2e86000 JavaThread "jar transforms Thread 147" [_thread_blocked, id=15140, stack(0x00000032da900000,0x00000032daa00000)]
  0x000001c3a2e85800 JavaThread "jar transforms Thread 148" [_thread_blocked, id=15320, stack(0x00000032daa00000,0x00000032dab00000)]
  0x000001c3a2e8a800 JavaThread "jar transforms Thread 149" [_thread_blocked, id=14552, stack(0x00000032dab00000,0x00000032dac00000)]
  0x000001c3a2e84800 JavaThread "jar transforms Thread 150" [_thread_blocked, id=12316, stack(0x00000032dac00000,0x00000032dad00000)]
  0x000001c3a2e87000 JavaThread "jar transforms Thread 151" [_thread_blocked, id=16992, stack(0x00000032dad00000,0x00000032dae00000)]
  0x000001c3a2e88800 JavaThread "jar transforms Thread 152" [_thread_blocked, id=12416, stack(0x00000032dae00000,0x00000032daf00000)]
  0x000001c3a2e8d000 JavaThread "jar transforms Thread 153" [_thread_blocked, id=10284, stack(0x00000032daf00000,0x00000032db000000)]
  0x000001c3a2e90000 JavaThread "jar transforms Thread 154" [_thread_blocked, id=8312, stack(0x00000032db000000,0x00000032db100000)]
  0x000001c3a2e91000 JavaThread "jar transforms Thread 155" [_thread_blocked, id=11740, stack(0x00000032db100000,0x00000032db200000)]
  0x000001c3a2e8b000 JavaThread "jar transforms Thread 156" [_thread_blocked, id=18072, stack(0x00000032db200000,0x00000032db300000)]
  0x000001c3a2e91800 JavaThread "jar transforms Thread 157" [_thread_blocked, id=6804, stack(0x00000032db300000,0x00000032db400000)]
  0x000001c3a2e8c000 JavaThread "jar transforms Thread 158" [_thread_blocked, id=17380, stack(0x00000032db400000,0x00000032db500000)]
  0x000001c3a2e92800 JavaThread "jar transforms Thread 159" [_thread_blocked, id=9344, stack(0x00000032db500000,0x00000032db600000)]
  0x000001c3a2e8d800 JavaThread "jar transforms Thread 160" [_thread_blocked, id=15924, stack(0x00000032db600000,0x00000032db700000)]
  0x000001c3a2e93800 JavaThread "jar transforms Thread 161" [_thread_blocked, id=4184, stack(0x00000032db700000,0x00000032db800000)]
  0x000001c3a2e8f000 JavaThread "jar transforms Thread 162" [_thread_blocked, id=2124, stack(0x00000032db800000,0x00000032db900000)]
  0x000001c3a2e8e800 JavaThread "jar transforms Thread 163" [_thread_blocked, id=7852, stack(0x00000032db900000,0x00000032dba00000)]
  0x000001c3a3e7b800 JavaThread "jar transforms Thread 164" [_thread_blocked, id=2456, stack(0x00000032dba00000,0x00000032dbb00000)]
  0x000001c3a3e78800 JavaThread "jar transforms Thread 165" [_thread_blocked, id=11144, stack(0x00000032dbb00000,0x00000032dbc00000)]
  0x000001c3a3e7f000 JavaThread "jar transforms Thread 166" [_thread_blocked, id=9760, stack(0x00000032dbc00000,0x00000032dbd00000)]
  0x000001c3a3e7e000 JavaThread "jar transforms Thread 167" [_thread_blocked, id=13280, stack(0x00000032dbd00000,0x00000032dbe00000)]
  0x000001c3a3e7a000 JavaThread "jar transforms Thread 168" [_thread_blocked, id=12836, stack(0x00000032dbe00000,0x00000032dbf00000)]
  0x000001c3a3e7c800 JavaThread "jar transforms Thread 169" [_thread_blocked, id=15872, stack(0x00000032dbf00000,0x00000032dc000000)]
  0x000001c3a3e7d000 JavaThread "jar transforms Thread 170" [_thread_blocked, id=16936, stack(0x00000032dc000000,0x00000032dc100000)]
  0x000001c3a3e79000 JavaThread "jar transforms Thread 171" [_thread_blocked, id=15556, stack(0x00000032dc100000,0x00000032dc200000)]
  0x000001c3a3e7f800 JavaThread "jar transforms Thread 172" [_thread_blocked, id=18108, stack(0x00000032dc200000,0x00000032dc300000)]
  0x000001c3a3e80800 JavaThread "jar transforms Thread 173" [_thread_blocked, id=17752, stack(0x00000032dc300000,0x00000032dc400000)]
  0x000001c3a3e7a800 JavaThread "jar transforms Thread 174" [_thread_blocked, id=7636, stack(0x00000032dc400000,0x00000032dc500000)]
  0x000001c3a3e81000 JavaThread "jar transforms Thread 175" [_thread_blocked, id=240, stack(0x00000032dc500000,0x00000032dc600000)]
  0x000001c3a3e85800 JavaThread "jar transforms Thread 176" [_thread_blocked, id=7592, stack(0x00000032dc600000,0x00000032dc700000)]
  0x000001c3a3e86000 JavaThread "jar transforms Thread 177" [_thread_blocked, id=2876, stack(0x00000032dc700000,0x00000032dc800000)]
  0x000001c3a3e84800 JavaThread "jar transforms Thread 178" [_thread_blocked, id=3448, stack(0x00000032dc800000,0x00000032dc900000)]
  0x000001c3a3e83000 JavaThread "jar transforms Thread 179" [_thread_blocked, id=14676, stack(0x00000032dc900000,0x00000032dca00000)]
  0x000001c3a3e82000 JavaThread "jar transforms Thread 180" [_thread_blocked, id=11484, stack(0x00000032dca00000,0x00000032dcb00000)]
  0x000001c3a3e87000 JavaThread "jar transforms Thread 181" [_thread_blocked, id=11624, stack(0x00000032dcb00000,0x00000032dcc00000)]
  0x000001c3a3e83800 JavaThread "jar transforms Thread 182" [_thread_blocked, id=16292, stack(0x00000032dcc00000,0x00000032dcd00000)]
  0x000001c3ac746800 JavaThread "jar transforms Thread 183" [_thread_blocked, id=8036, stack(0x00000032dcd00000,0x00000032dce00000)]
  0x000001c3ac747800 JavaThread "jar transforms Thread 184" [_thread_blocked, id=15628, stack(0x00000032dce00000,0x00000032dcf00000)]
  0x000001c3ac748000 JavaThread "jar transforms Thread 185" [_thread_blocked, id=17520, stack(0x00000032dcf00000,0x00000032dd000000)]
  0x000001c3ac744000 JavaThread "jar transforms Thread 186" [_thread_blocked, id=8720, stack(0x00000032dd000000,0x00000032dd100000)]
  0x000001c3ac745800 JavaThread "jar transforms Thread 187" [_thread_blocked, id=4476, stack(0x00000032dd100000,0x00000032dd200000)]
  0x000001c3ac749000 JavaThread "jar transforms Thread 188" [_thread_blocked, id=17108, stack(0x00000032dd200000,0x00000032dd300000)]

Other Threads:
  0x000001c3a05ee000 VMThread "VM Thread" [stack: 0x00000032d3e00000,0x00000032d3f00000] [id=16584]
  0x000001c3a105f000 WatcherThread [stack: 0x00000032d4800000,0x00000032d4900000] [id=16512]
  0x000001c385ced000 GCTaskThread "GC Thread#0" [stack: 0x00000032d3900000,0x00000032d3a00000] [id=1452]
  0x000001c3a10a7800 GCTaskThread "GC Thread#1" [stack: 0x00000032d4b00000,0x00000032d4c00000] [id=5416]
  0x000001c3a10a9800 GCTaskThread "GC Thread#2" [stack: 0x00000032d4c00000,0x00000032d4d00000] [id=17068]
  0x000001c3a10aa000 GCTaskThread "GC Thread#3" [stack: 0x00000032d4d00000,0x00000032d4e00000] [id=3384]
  0x000001c3a10ad000 GCTaskThread "GC Thread#4" [stack: 0x00000032d4e00000,0x00000032d4f00000] [id=2972]
  0x000001c3a10ac800 GCTaskThread "GC Thread#5" [stack: 0x00000032d4f00000,0x00000032d5000000] [id=2676]
  0x000001c3a10ab000 GCTaskThread "GC Thread#6" [stack: 0x00000032d5d00000,0x00000032d5e00000] [id=11416]
  0x000001c3a10ab800 GCTaskThread "GC Thread#7" [stack: 0x00000032d5e00000,0x00000032d5f00000] [id=15148]
  0x000001c3a10ae000 GCTaskThread "GC Thread#8" [stack: 0x00000032d5f00000,0x00000032d6000000] [id=12724]
  0x000001c3a10ae800 GCTaskThread "GC Thread#9" [stack: 0x00000032d6000000,0x00000032d6100000] [id=14864]
  0x000001c385d1d000 ConcurrentGCThread "G1 Main Marker" [stack: 0x00000032d3a00000,0x00000032d3b00000] [id=12660]
  0x000001c385d20800 ConcurrentGCThread "G1 Conc#0" [stack: 0x00000032d3b00000,0x00000032d3c00000] [id=5860]
  0x000001c3a10a8000 ConcurrentGCThread "G1 Conc#1" [stack: 0x00000032d6100000,0x00000032d6200000] [id=14508]
  0x000001c3a10a8800 ConcurrentGCThread "G1 Conc#2" [stack: 0x00000032d6200000,0x00000032d6300000] [id=4132]
  0x000001c385dae000 ConcurrentGCThread "G1 Refine#0" [stack: 0x00000032d3c00000,0x00000032d3d00000] [id=16708]
  0x000001c3aa275000 ConcurrentGCThread "G1 Refine#1" [stack: 0x00000032de500000,0x00000032de600000] [id=11924]
  0x000001c3aa2d1800 ConcurrentGCThread "G1 Refine#2" [stack: 0x00000032de600000,0x00000032de700000] [id=17112]
  0x000001c3a0474800 ConcurrentGCThread "G1 Young RemSet Sampling" [stack: 0x00000032d3d00000,0x00000032d3e00000] [id=3312]

Threads with active compile tasks:
C2 CompilerThread0   116533 13665   !   4       org.gradle.internal.instantiation.generator.AsmBackedClassGenerator$InvokeConstructorStrategy::newInstance (66 bytes)
C1 CompilerThread0   116533 13708       3       org.gradle.api.internal.artifacts.configurations.DefaultConfiguration_Decorated::getArtifacts (39 bytes)
C2 CompilerThread1   116533 13397       4       org.gradle.internal.logging.sink.OutputEventTransformer::onOutput (399 bytes)
C2 CompilerThread2   116533 13667   !   4       org.gradle.internal.instantiation.generator.DependencyInjectingInstantiator::doCreate (64 bytes)

VM state:not at safepoint (normal execution)

VM Mutex/Monitor currently owned by a thread: None

Heap address: 0x0000000080000000, size: 2048 MB, Compressed Oops mode: 32-bit
Narrow klass base: 0x0000000000000000, Narrow klass shift: 3
Compressed class space size: 1073741824 Address: 0x0000000100000000

Heap:
 garbage-first heap   total 260096K, used 225591K [0x0000000080000000, 0x0000000100000000)
  region size 1024K, 53 young (54272K), 7 survivors (7168K)
 Metaspace       used 104351K, capacity 107280K, committed 108116K, reserved 1142784K
  class space    used 13324K, capacity 14384K, committed 14720K, reserved 1048576K
Heap Regions: E=young(eden), S=young(survivor), O=old, HS=humongous(starts), HC=humongous(continues), CS=collection set, F=free, A=archive, TAMS=top-at-mark-start (previous, next)
|   0|0x0000000080000000, 0x0000000080100000, 0x0000000080100000|100%| O|  |TAMS 0x0000000080100000, 0x0000000080000000| Complete 
|   1|0x0000000080100000, 0x0000000080200000, 0x0000000080200000|100%| O|  |TAMS 0x0000000080200000, 0x0000000080100000| Untracked 
|   2|0x0000000080200000, 0x0000000080300000, 0x0000000080300000|100%| O|  |TAMS 0x0000000080300000, 0x0000000080200000| Untracked 
|   3|0x0000000080300000, 0x0000000080400000, 0x0000000080400000|100%|HS|  |TAMS 0x0000000080400000, 0x0000000080300000| Complete 
|   4|0x0000000080400000, 0x0000000080500000, 0x0000000080500000|100%|HC|  |TAMS 0x0000000080500000, 0x0000000080400000| Complete 
|   5|0x0000000080500000, 0x0000000080600000, 0x0000000080600000|100%|HC|  |TAMS 0x0000000080600000, 0x0000000080500000| Complete 
|   6|0x0000000080600000, 0x0000000080700000, 0x0000000080700000|100%| O|  |TAMS 0x0000000080700000, 0x0000000080600000| Complete 
|   7|0x0000000080700000, 0x0000000080800000, 0x0000000080800000|100%| O|  |TAMS 0x0000000080800000, 0x0000000080700000| Untracked 
|   8|0x0000000080800000, 0x0000000080900000, 0x0000000080900000|100%| O|  |TAMS 0x0000000080900000, 0x0000000080800000| Untracked 
|   9|0x0000000080900000, 0x0000000080a00000, 0x0000000080a00000|100%| O|  |TAMS 0x0000000080a00000, 0x0000000080900000| Untracked 
|  10|0x0000000080a00000, 0x0000000080b00000, 0x0000000080b00000|100%| O|  |TAMS 0x0000000080b00000, 0x0000000080a00000| Untracked 
|  11|0x0000000080b00000, 0x0000000080c00000, 0x0000000080c00000|100%| O|  |TAMS 0x0000000080c00000, 0x0000000080b00000| Complete 
|  12|0x0000000080c00000, 0x0000000080d00000, 0x0000000080d00000|100%| O|  |TAMS 0x0000000080d00000, 0x0000000080c00000| Untracked 
|  13|0x0000000080d00000, 0x0000000080e00000, 0x0000000080e00000|100%| O|  |TAMS 0x0000000080e00000, 0x0000000080d00000| Untracked 
|  14|0x0000000080e00000, 0x0000000080f00000, 0x0000000080f00000|100%| O|  |TAMS 0x0000000080f00000, 0x0000000080e00000| Untracked 
|  15|0x0000000080f00000, 0x0000000081000000, 0x0000000081000000|100%| O|  |TAMS 0x0000000081000000, 0x0000000080f00000| Untracked 
|  16|0x0000000081000000, 0x0000000081100000, 0x0000000081100000|100%| O|  |TAMS 0x0000000081100000, 0x0000000081000000| Untracked 
|  17|0x0000000081100000, 0x0000000081200000, 0x0000000081200000|100%|HS|  |TAMS 0x0000000081200000, 0x0000000081100000| Complete 
|  18|0x0000000081200000, 0x0000000081300000, 0x0000000081300000|100%|HS|  |TAMS 0x0000000081300000, 0x0000000081200000| Complete 
|  19|0x0000000081300000, 0x0000000081400000, 0x0000000081400000|100%|HC|  |TAMS 0x0000000081400000, 0x0000000081300000| Complete 
|  20|0x0000000081400000, 0x0000000081500000, 0x0000000081500000|100%| O|  |TAMS 0x0000000081500000, 0x0000000081400000| Untracked 
|  21|0x0000000081500000, 0x0000000081600000, 0x0000000081600000|100%| O|  |TAMS 0x0000000081600000, 0x0000000081500000| Untracked 
|  22|0x0000000081600000, 0x0000000081700000, 0x0000000081700000|100%| O|  |TAMS 0x0000000081700000, 0x0000000081600000| Untracked 
|  23|0x0000000081700000, 0x0000000081800000, 0x0000000081800000|100%| O|  |TAMS 0x0000000081800000, 0x0000000081700000| Untracked 
|  24|0x0000000081800000, 0x0000000081900000, 0x0000000081900000|100%| O|  |TAMS 0x0000000081900000, 0x0000000081800000| Untracked 
|  25|0x0000000081900000, 0x0000000081a00000, 0x0000000081a00000|100%| O|  |TAMS 0x0000000081a00000, 0x0000000081900000| Untracked 
|  26|0x0000000081a00000, 0x0000000081b00000, 0x0000000081b00000|100%| O|  |TAMS 0x0000000081b00000, 0x0000000081a00000| Untracked 
|  27|0x0000000081b00000, 0x0000000081c00000, 0x0000000081c00000|100%| O|  |TAMS 0x0000000081c00000, 0x0000000081b00000| Untracked 
|  28|0x0000000081c00000, 0x0000000081d00000, 0x0000000081d00000|100%| O|  |TAMS 0x0000000081d00000, 0x0000000081c00000| Untracked 
|  29|0x0000000081d00000, 0x0000000081e00000, 0x0000000081e00000|100%| O|  |TAMS 0x0000000081e00000, 0x0000000081d00000| Complete 
|  30|0x0000000081e00000, 0x0000000081f00000, 0x0000000081f00000|100%| O|  |TAMS 0x0000000081f00000, 0x0000000081e00000| Complete 
|  31|0x0000000081f00000, 0x0000000082000000, 0x0000000082000000|100%| O|  |TAMS 0x0000000082000000, 0x0000000081f00000| Untracked 
|  32|0x0000000082000000, 0x0000000082100000, 0x0000000082100000|100%| O|  |TAMS 0x0000000082100000, 0x0000000082000000| Complete 
|  33|0x0000000082100000, 0x0000000082200000, 0x0000000082200000|100%| O|  |TAMS 0x0000000082200000, 0x0000000082100000| Untracked 
|  34|0x0000000082200000, 0x0000000082300000, 0x0000000082300000|100%| O|  |TAMS 0x0000000082300000, 0x0000000082200000| Untracked 
|  35|0x0000000082300000, 0x0000000082400000, 0x0000000082400000|100%| O|  |TAMS 0x0000000082400000, 0x0000000082300000| Untracked 
|  36|0x0000000082400000, 0x0000000082500000, 0x0000000082500000|100%| O|  |TAMS 0x0000000082500000, 0x0000000082400000| Untracked 
|  37|0x0000000082500000, 0x0000000082600000, 0x0000000082600000|100%| O|  |TAMS 0x0000000082600000, 0x0000000082500000| Complete 
|  38|0x0000000082600000, 0x0000000082700000, 0x0000000082700000|100%| O|  |TAMS 0x0000000082700000, 0x0000000082600000| Untracked 
|  39|0x0000000082700000, 0x0000000082800000, 0x0000000082800000|100%| O|  |TAMS 0x0000000082800000, 0x0000000082700000| Untracked 
|  40|0x0000000082800000, 0x0000000082900000, 0x0000000082900000|100%| O|  |TAMS 0x0000000082900000, 0x0000000082800000| Untracked 
|  41|0x0000000082900000, 0x0000000082a00000, 0x0000000082a00000|100%| O|  |TAMS 0x0000000082a00000, 0x0000000082900000| Untracked 
|  42|0x0000000082a00000, 0x0000000082b00000, 0x0000000082b00000|100%| O|  |TAMS 0x0000000082b00000, 0x0000000082a00000| Untracked 
|  43|0x0000000082b00000, 0x0000000082c00000, 0x0000000082c00000|100%| O|  |TAMS 0x0000000082c00000, 0x0000000082b00000| Untracked 
|  44|0x0000000082c00000, 0x0000000082d00000, 0x0000000082d00000|100%| O|  |TAMS 0x0000000082d00000, 0x0000000082c00000| Untracked 
|  45|0x0000000082d00000, 0x0000000082e00000, 0x0000000082e00000|100%| O|  |TAMS 0x0000000082e00000, 0x0000000082d00000| Untracked 
|  46|0x0000000082e00000, 0x0000000082f00000, 0x0000000082f00000|100%| O|  |TAMS 0x0000000082f00000, 0x0000000082e00000| Untracked 
|  47|0x0000000082f00000, 0x0000000083000000, 0x0000000083000000|100%| O|  |TAMS 0x0000000083000000, 0x0000000082f00000| Untracked 
|  48|0x0000000083000000, 0x0000000083100000, 0x0000000083100000|100%| O|  |TAMS 0x0000000083100000, 0x0000000083000000| Untracked 
|  49|0x0000000083100000, 0x0000000083200000, 0x0000000083200000|100%| O|  |TAMS 0x0000000083200000, 0x0000000083100000| Untracked 
|  50|0x0000000083200000, 0x0000000083300000, 0x0000000083300000|100%| O|  |TAMS 0x0000000083300000, 0x0000000083200000| Untracked 
|  51|0x0000000083300000, 0x0000000083400000, 0x0000000083400000|100%| O|  |TAMS 0x0000000083400000, 0x0000000083300000| Untracked 
|  52|0x0000000083400000, 0x0000000083500000, 0x0000000083500000|100%| O|  |TAMS 0x0000000083500000, 0x0000000083400000| Complete 
|  53|0x0000000083500000, 0x0000000083600000, 0x0000000083600000|100%| O|  |TAMS 0x0000000083600000, 0x0000000083500000| Untracked 
|  54|0x0000000083600000, 0x0000000083700000, 0x0000000083700000|100%| O|  |TAMS 0x0000000083700000, 0x0000000083600000| Untracked 
|  55|0x0000000083700000, 0x0000000083800000, 0x0000000083800000|100%| O|  |TAMS 0x0000000083800000, 0x0000000083700000| Untracked 
|  56|0x0000000083800000, 0x0000000083900000, 0x0000000083900000|100%| O|  |TAMS 0x0000000083900000, 0x0000000083800000| Untracked 
|  57|0x0000000083900000, 0x0000000083a00000, 0x0000000083a00000|100%| O|  |TAMS 0x0000000083a00000, 0x0000000083900000| Untracked 
|  58|0x0000000083a00000, 0x0000000083b00000, 0x0000000083b00000|100%| O|  |TAMS 0x0000000083b00000, 0x0000000083a00000| Untracked 
|  59|0x0000000083b00000, 0x0000000083c00000, 0x0000000083c00000|100%| O|  |TAMS 0x0000000083c00000, 0x0000000083b00000| Untracked 
|  60|0x0000000083c00000, 0x0000000083d00000, 0x0000000083d00000|100%| O|  |TAMS 0x0000000083d00000, 0x0000000083c00000| Untracked 
|  61|0x0000000083d00000, 0x0000000083e00000, 0x0000000083e00000|100%| O|  |TAMS 0x0000000083e00000, 0x0000000083d00000| Untracked 
|  62|0x0000000083e00000, 0x0000000083f00000, 0x0000000083f00000|100%| O|  |TAMS 0x0000000083f00000, 0x0000000083e00000| Untracked 
|  63|0x0000000083f00000, 0x0000000084000000, 0x0000000084000000|100%| O|  |TAMS 0x0000000084000000, 0x0000000083f00000| Untracked 
|  64|0x0000000084000000, 0x0000000084100000, 0x0000000084100000|100%| O|  |TAMS 0x0000000084100000, 0x0000000084000000| Complete 
|  65|0x0000000084100000, 0x0000000084200000, 0x0000000084200000|100%| O|  |TAMS 0x0000000084200000, 0x0000000084100000| Complete 
|  66|0x0000000084200000, 0x0000000084300000, 0x0000000084300000|100%| O|  |TAMS 0x0000000084300000, 0x0000000084200000| Complete 
|  67|0x0000000084300000, 0x0000000084400000, 0x0000000084400000|100%|HS|  |TAMS 0x0000000084400000, 0x0000000084300000| Complete 
|  68|0x0000000084400000, 0x0000000084500000, 0x0000000084500000|100%|HC|  |TAMS 0x0000000084500000, 0x0000000084400000| Complete 
|  69|0x0000000084500000, 0x0000000084600000, 0x0000000084600000|100%| O|  |TAMS 0x0000000084600000, 0x0000000084500000| Complete 
|  70|0x0000000084600000, 0x0000000084700000, 0x0000000084700000|100%| O|  |TAMS 0x0000000084700000, 0x0000000084600000| Complete 
|  71|0x0000000084700000, 0x0000000084800000, 0x0000000084800000|100%| O|  |TAMS 0x0000000084800000, 0x0000000084700000| Untracked 
|  72|0x0000000084800000, 0x0000000084900000, 0x0000000084900000|100%| O|  |TAMS 0x0000000084900000, 0x0000000084800000| Complete 
|  73|0x0000000084900000, 0x0000000084a00000, 0x0000000084a00000|100%| O|  |TAMS 0x0000000084a00000, 0x0000000084900000| Complete 
|  74|0x0000000084a00000, 0x0000000084b00000, 0x0000000084b00000|100%| O|  |TAMS 0x0000000084b00000, 0x0000000084a00000| Complete 
|  75|0x0000000084b00000, 0x0000000084c00000, 0x0000000084c00000|100%| O|  |TAMS 0x0000000084c00000, 0x0000000084b00000| Complete 
|  76|0x0000000084c00000, 0x0000000084d00000, 0x0000000084d00000|100%| O|  |TAMS 0x0000000084d00000, 0x0000000084c00000| Complete 
|  77|0x0000000084d00000, 0x0000000084e00000, 0x0000000084e00000|100%| O|  |TAMS 0x0000000084e00000, 0x0000000084d00000| Complete 
|  78|0x0000000084e00000, 0x0000000084f00000, 0x0000000084f00000|100%| O|  |TAMS 0x0000000084f00000, 0x0000000084e00000| Complete 
|  79|0x0000000084f00000, 0x0000000085000000, 0x0000000085000000|100%| O|  |TAMS 0x0000000085000000, 0x0000000084f00000| Complete 
|  80|0x0000000085000000, 0x0000000085100000, 0x0000000085100000|100%| O|  |TAMS 0x0000000085100000, 0x0000000085000000| Complete 
|  81|0x0000000085100000, 0x0000000085200000, 0x0000000085200000|100%| O|  |TAMS 0x0000000085200000, 0x0000000085100000| Untracked 
|  82|0x0000000085200000, 0x0000000085300000, 0x0000000085300000|100%| O|  |TAMS 0x0000000085300000, 0x0000000085200000| Untracked 
|  83|0x0000000085300000, 0x0000000085400000, 0x0000000085400000|100%| O|  |TAMS 0x0000000085400000, 0x0000000085300000| Untracked 
|  84|0x0000000085400000, 0x0000000085500000, 0x0000000085500000|100%| O|  |TAMS 0x0000000085500000, 0x0000000085400000| Untracked 
|  85|0x0000000085500000, 0x0000000085600000, 0x0000000085600000|100%| O|  |TAMS 0x0000000085600000, 0x0000000085500000| Untracked 
|  86|0x0000000085600000, 0x0000000085700000, 0x0000000085700000|100%| O|  |TAMS 0x0000000085700000, 0x0000000085600000| Untracked 
|  87|0x0000000085700000, 0x0000000085800000, 0x0000000085800000|100%| O|  |TAMS 0x0000000085800000, 0x0000000085700000| Untracked 
|  88|0x0000000085800000, 0x0000000085900000, 0x0000000085900000|100%| O|  |TAMS 0x0000000085900000, 0x0000000085800000| Untracked 
|  89|0x0000000085900000, 0x0000000085a00000, 0x0000000085a00000|100%| O|  |TAMS 0x0000000085a00000, 0x0000000085900000| Complete 
|  90|0x0000000085a00000, 0x0000000085b00000, 0x0000000085b00000|100%| O|  |TAMS 0x0000000085b00000, 0x0000000085a00000| Complete 
|  91|0x0000000085b00000, 0x0000000085c00000, 0x0000000085c00000|100%| O|  |TAMS 0x0000000085c00000, 0x0000000085b00000| Complete 
|  92|0x0000000085c00000, 0x0000000085d00000, 0x0000000085d00000|100%|HS|  |TAMS 0x0000000085c00000, 0x0000000085c00000| Complete 
|  93|0x0000000085d00000, 0x0000000085e00000, 0x0000000085e00000|100%|HC|  |TAMS 0x0000000085d00000, 0x0000000085d00000| Complete 
|  94|0x0000000085e00000, 0x0000000085f00000, 0x0000000085f00000|100%|HS|  |TAMS 0x0000000085e00000, 0x0000000085e00000| Complete 
|  95|0x0000000085f00000, 0x0000000086000000, 0x0000000086000000|100%|HC|  |TAMS 0x0000000085f00000, 0x0000000085f00000| Complete 
|  96|0x0000000086000000, 0x0000000086000000, 0x0000000086100000|  0%| F|  |TAMS 0x0000000086000000, 0x0000000086000000| Untracked 
|  97|0x0000000086100000, 0x0000000086200000, 0x0000000086200000|100%|HS|  |TAMS 0x0000000086200000, 0x0000000086100000| Complete 
|  98|0x0000000086200000, 0x0000000086300000, 0x0000000086300000|100%|HC|  |TAMS 0x0000000086300000, 0x0000000086200000| Complete 
|  99|0x0000000086300000, 0x0000000086400000, 0x0000000086400000|100%|HS|  |TAMS 0x0000000086400000, 0x0000000086300000| Complete 
| 100|0x0000000086400000, 0x0000000086500000, 0x0000000086500000|100%|HC|  |TAMS 0x0000000086500000, 0x0000000086400000| Complete 
| 101|0x0000000086500000, 0x0000000086600000, 0x0000000086600000|100%|HS|  |TAMS 0x0000000086600000, 0x0000000086500000| Complete 
| 102|0x0000000086600000, 0x0000000086700000, 0x0000000086700000|100%|HC|  |TAMS 0x0000000086700000, 0x0000000086600000| Complete 
| 103|0x0000000086700000, 0x0000000086800000, 0x0000000086800000|100%|HS|  |TAMS 0x0000000086800000, 0x0000000086700000| Complete 
| 104|0x0000000086800000, 0x0000000086900000, 0x0000000086900000|100%|HC|  |TAMS 0x0000000086900000, 0x0000000086800000| Complete 
| 105|0x0000000086900000, 0x0000000086a00000, 0x0000000086a00000|100%|HS|  |TAMS 0x0000000086a00000, 0x0000000086900000| Complete 
| 106|0x0000000086a00000, 0x0000000086b00000, 0x0000000086b00000|100%|HC|  |TAMS 0x0000000086b00000, 0x0000000086a00000| Complete 
| 107|0x0000000086b00000, 0x0000000086c00000, 0x0000000086c00000|100%|HS|  |TAMS 0x0000000086c00000, 0x0000000086b00000| Complete 
| 108|0x0000000086c00000, 0x0000000086d00000, 0x0000000086d00000|100%|HC|  |TAMS 0x0000000086d00000, 0x0000000086c00000| Complete 
| 109|0x0000000086d00000, 0x0000000086e00000, 0x0000000086e00000|100%|HS|  |TAMS 0x0000000086e00000, 0x0000000086d00000| Complete 
| 110|0x0000000086e00000, 0x0000000086f00000, 0x0000000086f00000|100%|HC|  |TAMS 0x0000000086f00000, 0x0000000086e00000| Complete 
| 111|0x0000000086f00000, 0x0000000087000000, 0x0000000087000000|100%|HS|  |TAMS 0x0000000087000000, 0x0000000086f00000| Complete 
| 112|0x0000000087000000, 0x0000000087100000, 0x0000000087100000|100%|HC|  |TAMS 0x0000000087100000, 0x0000000087000000| Complete 
| 113|0x0000000087100000, 0x0000000087200000, 0x0000000087200000|100%|HS|  |TAMS 0x0000000087200000, 0x0000000087100000| Complete 
| 114|0x0000000087200000, 0x0000000087300000, 0x0000000087300000|100%|HC|  |TAMS 0x0000000087300000, 0x0000000087200000| Complete 
| 115|0x0000000087300000, 0x0000000087400000, 0x0000000087400000|100%| O|  |TAMS 0x0000000087400000, 0x0000000087300000| Complete 
| 116|0x0000000087400000, 0x0000000087500000, 0x0000000087500000|100%| O|  |TAMS 0x0000000087500000, 0x0000000087400000| Complete 
| 117|0x0000000087500000, 0x0000000087600000, 0x0000000087600000|100%| O|  |TAMS 0x0000000087600000, 0x0000000087500000| Untracked 
| 118|0x0000000087600000, 0x0000000087700000, 0x0000000087700000|100%| O|  |TAMS 0x0000000087700000, 0x0000000087600000| Complete 
| 119|0x0000000087700000, 0x0000000087800000, 0x0000000087800000|100%| O|  |TAMS 0x0000000087800000, 0x0000000087700000| Complete 
| 120|0x0000000087800000, 0x0000000087885400, 0x0000000087900000| 52%| O|  |TAMS 0x0000000087885400, 0x0000000087800000| Untracked 
| 121|0x0000000087900000, 0x0000000087a00000, 0x0000000087a00000|100%|HS|  |TAMS 0x0000000087900000, 0x0000000087900000| Complete 
| 122|0x0000000087a00000, 0x0000000087b00000, 0x0000000087b00000|100%|HC|  |TAMS 0x0000000087a00000, 0x0000000087a00000| Complete 
| 123|0x0000000087b00000, 0x0000000087c00000, 0x0000000087c00000|100%|HS|  |TAMS 0x0000000087b00000, 0x0000000087b00000| Complete 
| 124|0x0000000087c00000, 0x0000000087d00000, 0x0000000087d00000|100%|HC|  |TAMS 0x0000000087c00000, 0x0000000087c00000| Complete 
| 125|0x0000000087d00000, 0x0000000087e00000, 0x0000000087e00000|100%|HS|  |TAMS 0x0000000087d00000, 0x0000000087d00000| Complete 
| 126|0x0000000087e00000, 0x0000000087f00000, 0x0000000087f00000|100%|HC|  |TAMS 0x0000000087e00000, 0x0000000087e00000| Complete 
| 127|0x0000000087f00000, 0x0000000088000000, 0x0000000088000000|100%|HS|  |TAMS 0x0000000087f00000, 0x0000000087f00000| Complete 
| 128|0x0000000088000000, 0x0000000088100000, 0x0000000088100000|100%|HC|  |TAMS 0x0000000088000000, 0x0000000088000000| Complete 
| 129|0x0000000088100000, 0x0000000088200000, 0x0000000088200000|100%|HS|  |TAMS 0x0000000088100000, 0x0000000088100000| Complete 
| 130|0x0000000088200000, 0x0000000088300000, 0x0000000088300000|100%|HC|  |TAMS 0x0000000088200000, 0x0000000088200000| Complete 
| 131|0x0000000088300000, 0x0000000088400000, 0x0000000088400000|100%|HS|  |TAMS 0x0000000088300000, 0x0000000088300000| Complete 
| 132|0x0000000088400000, 0x0000000088500000, 0x0000000088500000|100%|HC|  |TAMS 0x0000000088400000, 0x0000000088400000| Complete 
| 133|0x0000000088500000, 0x0000000088600000, 0x0000000088600000|100%|HS|  |TAMS 0x0000000088500000, 0x0000000088500000| Complete 
| 134|0x0000000088600000, 0x0000000088700000, 0x0000000088700000|100%|HC|  |TAMS 0x0000000088600000, 0x0000000088600000| Complete 
| 135|0x0000000088700000, 0x0000000088800000, 0x0000000088800000|100%|HS|  |TAMS 0x0000000088700000, 0x0000000088700000| Complete 
| 136|0x0000000088800000, 0x0000000088900000, 0x0000000088900000|100%|HC|  |TAMS 0x0000000088800000, 0x0000000088800000| Complete 
| 137|0x0000000088900000, 0x0000000088a00000, 0x0000000088a00000|100%|HS|  |TAMS 0x0000000088900000, 0x0000000088900000| Complete 
| 138|0x0000000088a00000, 0x0000000088b00000, 0x0000000088b00000|100%|HC|  |TAMS 0x0000000088a00000, 0x0000000088a00000| Complete 
| 139|0x0000000088b00000, 0x0000000088c00000, 0x0000000088c00000|100%|HS|  |TAMS 0x0000000088b00000, 0x0000000088b00000| Complete 
| 140|0x0000000088c00000, 0x0000000088d00000, 0x0000000088d00000|100%|HC|  |TAMS 0x0000000088c00000, 0x0000000088c00000| Complete 
| 141|0x0000000088d00000, 0x0000000088e00000, 0x0000000088e00000|100%|HS|  |TAMS 0x0000000088d00000, 0x0000000088d00000| Complete 
| 142|0x0000000088e00000, 0x0000000088f00000, 0x0000000088f00000|100%|HC|  |TAMS 0x0000000088e00000, 0x0000000088e00000| Complete 
| 143|0x0000000088f00000, 0x0000000089000000, 0x0000000089000000|100%|HS|  |TAMS 0x0000000088f00000, 0x0000000088f00000| Complete 
| 144|0x0000000089000000, 0x0000000089100000, 0x0000000089100000|100%|HC|  |TAMS 0x0000000089000000, 0x0000000089000000| Complete 
| 145|0x0000000089100000, 0x0000000089200000, 0x0000000089200000|100%|HS|  |TAMS 0x0000000089100000, 0x0000000089100000| Complete 
| 146|0x0000000089200000, 0x0000000089300000, 0x0000000089300000|100%|HC|  |TAMS 0x0000000089200000, 0x0000000089200000| Complete 
| 147|0x0000000089300000, 0x0000000089400000, 0x0000000089400000|100%|HS|  |TAMS 0x0000000089300000, 0x0000000089300000| Complete 
| 148|0x0000000089400000, 0x0000000089500000, 0x0000000089500000|100%|HC|  |TAMS 0x0000000089400000, 0x0000000089400000| Complete 
| 149|0x0000000089500000, 0x0000000089600000, 0x0000000089600000|100%|HS|  |TAMS 0x0000000089500000, 0x0000000089500000| Complete 
| 150|0x0000000089600000, 0x0000000089700000, 0x0000000089700000|100%|HC|  |TAMS 0x0000000089600000, 0x0000000089600000| Complete 
| 151|0x0000000089700000, 0x0000000089800000, 0x0000000089800000|100%|HS|  |TAMS 0x0000000089700000, 0x0000000089700000| Complete 
| 152|0x0000000089800000, 0x0000000089900000, 0x0000000089900000|100%|HC|  |TAMS 0x0000000089800000, 0x0000000089800000| Complete 
| 153|0x0000000089900000, 0x0000000089a00000, 0x0000000089a00000|100%|HS|  |TAMS 0x0000000089900000, 0x0000000089900000| Complete 
| 154|0x0000000089a00000, 0x0000000089b00000, 0x0000000089b00000|100%|HC|  |TAMS 0x0000000089a00000, 0x0000000089a00000| Complete 
| 155|0x0000000089b00000, 0x0000000089c00000, 0x0000000089c00000|100%|HS|  |TAMS 0x0000000089b00000, 0x0000000089b00000| Complete 
| 156|0x0000000089c00000, 0x0000000089d00000, 0x0000000089d00000|100%|HC|  |TAMS 0x0000000089c00000, 0x0000000089c00000| Complete 
| 157|0x0000000089d00000, 0x0000000089e00000, 0x0000000089e00000|100%|HS|  |TAMS 0x0000000089d00000, 0x0000000089d00000| Complete 
| 158|0x0000000089e00000, 0x0000000089f00000, 0x0000000089f00000|100%|HC|  |TAMS 0x0000000089e00000, 0x0000000089e00000| Complete 
| 159|0x0000000089f00000, 0x000000008a000000, 0x000000008a000000|100%|HS|  |TAMS 0x0000000089f00000, 0x0000000089f00000| Complete 
| 160|0x000000008a000000, 0x000000008a100000, 0x000000008a100000|100%|HC|  |TAMS 0x000000008a000000, 0x000000008a000000| Complete 
| 161|0x000000008a100000, 0x000000008a200000, 0x000000008a200000|100%|HS|  |TAMS 0x000000008a100000, 0x000000008a100000| Complete 
| 162|0x000000008a200000, 0x000000008a300000, 0x000000008a300000|100%|HC|  |TAMS 0x000000008a200000, 0x000000008a200000| Complete 
| 163|0x000000008a300000, 0x000000008a400000, 0x000000008a400000|100%|HS|  |TAMS 0x000000008a300000, 0x000000008a300000| Complete 
| 164|0x000000008a400000, 0x000000008a500000, 0x000000008a500000|100%|HC|  |TAMS 0x000000008a400000, 0x000000008a400000| Complete 
| 165|0x000000008a500000, 0x000000008a600000, 0x000000008a600000|100%|HS|  |TAMS 0x000000008a500000, 0x000000008a500000| Complete 
| 166|0x000000008a600000, 0x000000008a700000, 0x000000008a700000|100%|HC|  |TAMS 0x000000008a600000, 0x000000008a600000| Complete 
| 167|0x000000008a700000, 0x000000008a800000, 0x000000008a800000|100%|HS|  |TAMS 0x000000008a700000, 0x000000008a700000| Complete 
| 168|0x000000008a800000, 0x000000008a900000, 0x000000008a900000|100%|HC|  |TAMS 0x000000008a800000, 0x000000008a800000| Complete 
| 169|0x000000008a900000, 0x000000008aa00000, 0x000000008aa00000|100%|HS|  |TAMS 0x000000008a900000, 0x000000008a900000| Complete 
| 170|0x000000008aa00000, 0x000000008ab00000, 0x000000008ab00000|100%|HC|  |TAMS 0x000000008aa00000, 0x000000008aa00000| Complete 
| 171|0x000000008ab00000, 0x000000008ab00000, 0x000000008ac00000|  0%| F|  |TAMS 0x000000008ab00000, 0x000000008ab00000| Untracked 
| 172|0x000000008ac00000, 0x000000008ac00000, 0x000000008ad00000|  0%| F|  |TAMS 0x000000008ac00000, 0x000000008ac00000| Untracked 
| 173|0x000000008ad00000, 0x000000008ad00000, 0x000000008ae00000|  0%| F|  |TAMS 0x000000008ad00000, 0x000000008ad00000| Untracked 
| 174|0x000000008ae00000, 0x000000008ae00000, 0x000000008af00000|  0%| F|  |TAMS 0x000000008ae00000, 0x000000008ae00000| Untracked 
| 175|0x000000008af00000, 0x000000008af00000, 0x000000008b000000|  0%| F|  |TAMS 0x000000008af00000, 0x000000008af00000| Untracked 
| 176|0x000000008b000000, 0x000000008b000000, 0x000000008b100000|  0%| F|  |TAMS 0x000000008b000000, 0x000000008b000000| Untracked 
| 177|0x000000008b100000, 0x000000008b100000, 0x000000008b200000|  0%| F|  |TAMS 0x000000008b100000, 0x000000008b100000| Untracked 
| 178|0x000000008b200000, 0x000000008b200000, 0x000000008b300000|  0%| F|  |TAMS 0x000000008b200000, 0x000000008b200000| Untracked 
| 179|0x000000008b300000, 0x000000008b300000, 0x000000008b400000|  0%| F|  |TAMS 0x000000008b300000, 0x000000008b300000| Untracked 
| 180|0x000000008b400000, 0x000000008b400000, 0x000000008b500000|  0%| F|  |TAMS 0x000000008b400000, 0x000000008b400000| Untracked 
| 181|0x000000008b500000, 0x000000008b500000, 0x000000008b600000|  0%| F|  |TAMS 0x000000008b500000, 0x000000008b500000| Untracked 
| 182|0x000000008b600000, 0x000000008b600000, 0x000000008b700000|  0%| F|  |TAMS 0x000000008b600000, 0x000000008b600000| Untracked 
| 183|0x000000008b700000, 0x000000008b700000, 0x000000008b800000|  0%| F|  |TAMS 0x000000008b700000, 0x000000008b700000| Untracked 
| 184|0x000000008b800000, 0x000000008b800000, 0x000000008b900000|  0%| F|  |TAMS 0x000000008b800000, 0x000000008b800000| Untracked 
| 185|0x000000008b900000, 0x000000008b900000, 0x000000008ba00000|  0%| F|  |TAMS 0x000000008b900000, 0x000000008b900000| Untracked 
| 186|0x000000008ba00000, 0x000000008ba00000, 0x000000008bb00000|  0%| F|  |TAMS 0x000000008ba00000, 0x000000008ba00000| Untracked 
| 187|0x000000008bb00000, 0x000000008bb00000, 0x000000008bc00000|  0%| F|  |TAMS 0x000000008bb00000, 0x000000008bb00000| Untracked 
| 188|0x000000008bc00000, 0x000000008bc00000, 0x000000008bd00000|  0%| F|  |TAMS 0x000000008bc00000, 0x000000008bc00000| Untracked 
| 189|0x000000008bd00000, 0x000000008bd00000, 0x000000008be00000|  0%| F|  |TAMS 0x000000008bd00000, 0x000000008bd00000| Untracked 
| 190|0x000000008be00000, 0x000000008bec89e0, 0x000000008bf00000| 78%| S|CS|TAMS 0x000000008be00000, 0x000000008be00000| Complete 
| 191|0x000000008bf00000, 0x000000008c000000, 0x000000008c000000|100%| S|CS|TAMS 0x000000008bf00000, 0x000000008bf00000| Complete 
| 192|0x000000008c000000, 0x000000008c100000, 0x000000008c100000|100%| S|CS|TAMS 0x000000008c000000, 0x000000008c000000| Complete 
| 193|0x000000008c100000, 0x000000008c200000, 0x000000008c200000|100%| S|CS|TAMS 0x000000008c100000, 0x000000008c100000| Complete 
| 194|0x000000008c200000, 0x000000008c300000, 0x000000008c300000|100%| S|CS|TAMS 0x000000008c200000, 0x000000008c200000| Complete 
| 195|0x000000008c300000, 0x000000008c400000, 0x000000008c400000|100%| S|CS|TAMS 0x000000008c300000, 0x000000008c300000| Complete 
| 196|0x000000008c400000, 0x000000008c500000, 0x000000008c500000|100%| S|CS|TAMS 0x000000008c400000, 0x000000008c400000| Complete 
| 197|0x000000008c500000, 0x000000008c500000, 0x000000008c600000|  0%| F|  |TAMS 0x000000008c500000, 0x000000008c500000| Untracked 
| 198|0x000000008c600000, 0x000000008c600000, 0x000000008c700000|  0%| F|  |TAMS 0x000000008c600000, 0x000000008c600000| Untracked 
| 199|0x000000008c700000, 0x000000008c700000, 0x000000008c800000|  0%| F|  |TAMS 0x000000008c700000, 0x000000008c700000| Untracked 
| 200|0x000000008c800000, 0x000000008c800000, 0x000000008c900000|  0%| F|  |TAMS 0x000000008c800000, 0x000000008c800000| Untracked 
| 201|0x000000008c900000, 0x000000008c900000, 0x000000008ca00000|  0%| F|  |TAMS 0x000000008c900000, 0x000000008c900000| Untracked 
| 202|0x000000008ca00000, 0x000000008ca00000, 0x000000008cb00000|  0%| F|  |TAMS 0x000000008ca00000, 0x000000008ca00000| Untracked 
| 203|0x000000008cb00000, 0x000000008cb00000, 0x000000008cc00000|  0%| F|  |TAMS 0x000000008cb00000, 0x000000008cb00000| Untracked 
| 204|0x000000008cc00000, 0x000000008cc00000, 0x000000008cd00000|  0%| F|  |TAMS 0x000000008cc00000, 0x000000008cc00000| Untracked 
| 205|0x000000008cd00000, 0x000000008cd00000, 0x000000008ce00000|  0%| F|  |TAMS 0x000000008cd00000, 0x000000008cd00000| Untracked 
| 206|0x000000008ce00000, 0x000000008ce00000, 0x000000008cf00000|  0%| F|  |TAMS 0x000000008ce00000, 0x000000008ce00000| Untracked 
| 207|0x000000008cf00000, 0x000000008cf00000, 0x000000008d000000|  0%| F|  |TAMS 0x000000008cf00000, 0x000000008cf00000| Untracked 
| 208|0x000000008d000000, 0x000000008d0e4eb8, 0x000000008d100000| 89%| E|  |TAMS 0x000000008d000000, 0x000000008d000000| Complete 
| 209|0x000000008d100000, 0x000000008d200000, 0x000000008d200000|100%| E|CS|TAMS 0x000000008d100000, 0x000000008d100000| Complete 
| 210|0x000000008d200000, 0x000000008d300000, 0x000000008d300000|100%| E|CS|TAMS 0x000000008d200000, 0x000000008d200000| Complete 
| 211|0x000000008d300000, 0x000000008d400000, 0x000000008d400000|100%| E|CS|TAMS 0x000000008d300000, 0x000000008d300000| Complete 
| 212|0x000000008d400000, 0x000000008d500000, 0x000000008d500000|100%| E|CS|TAMS 0x000000008d400000, 0x000000008d400000| Complete 
| 213|0x000000008d500000, 0x000000008d600000, 0x000000008d600000|100%| E|CS|TAMS 0x000000008d500000, 0x000000008d500000| Complete 
| 214|0x000000008d600000, 0x000000008d700000, 0x000000008d700000|100%| E|CS|TAMS 0x000000008d600000, 0x000000008d600000| Complete 
| 215|0x000000008d700000, 0x000000008d800000, 0x000000008d800000|100%| E|CS|TAMS 0x000000008d700000, 0x000000008d700000| Complete 
| 216|0x000000008d800000, 0x000000008d900000, 0x000000008d900000|100%| E|CS|TAMS 0x000000008d800000, 0x000000008d800000| Complete 
| 217|0x000000008d900000, 0x000000008da00000, 0x000000008da00000|100%| E|CS|TAMS 0x000000008d900000, 0x000000008d900000| Complete 
| 218|0x000000008da00000, 0x000000008db00000, 0x000000008db00000|100%| E|CS|TAMS 0x000000008da00000, 0x000000008da00000| Complete 
| 219|0x000000008db00000, 0x000000008dc00000, 0x000000008dc00000|100%| E|CS|TAMS 0x000000008db00000, 0x000000008db00000| Complete 
| 220|0x000000008dc00000, 0x000000008dd00000, 0x000000008dd00000|100%| E|CS|TAMS 0x000000008dc00000, 0x000000008dc00000| Complete 
| 221|0x000000008dd00000, 0x000000008de00000, 0x000000008de00000|100%| E|CS|TAMS 0x000000008dd00000, 0x000000008dd00000| Complete 
| 222|0x000000008de00000, 0x000000008df00000, 0x000000008df00000|100%| E|CS|TAMS 0x000000008de00000, 0x000000008de00000| Complete 
| 223|0x000000008df00000, 0x000000008e000000, 0x000000008e000000|100%| E|CS|TAMS 0x000000008df00000, 0x000000008df00000| Complete 
| 224|0x000000008e000000, 0x000000008e100000, 0x000000008e100000|100%| E|CS|TAMS 0x000000008e000000, 0x000000008e000000| Complete 
| 225|0x000000008e100000, 0x000000008e200000, 0x000000008e200000|100%| E|CS|TAMS 0x000000008e100000, 0x000000008e100000| Complete 
| 226|0x000000008e200000, 0x000000008e300000, 0x000000008e300000|100%| E|CS|TAMS 0x000000008e200000, 0x000000008e200000| Complete 
| 227|0x000000008e300000, 0x000000008e400000, 0x000000008e400000|100%| E|CS|TAMS 0x000000008e300000, 0x000000008e300000| Complete 
| 228|0x000000008e400000, 0x000000008e500000, 0x000000008e500000|100%| E|CS|TAMS 0x000000008e400000, 0x000000008e400000| Complete 
| 229|0x000000008e500000, 0x000000008e600000, 0x000000008e600000|100%| E|CS|TAMS 0x000000008e500000, 0x000000008e500000| Complete 
| 230|0x000000008e600000, 0x000000008e700000, 0x000000008e700000|100%| E|CS|TAMS 0x000000008e600000, 0x000000008e600000| Complete 
| 231|0x000000008e700000, 0x000000008e800000, 0x000000008e800000|100%| E|CS|TAMS 0x000000008e700000, 0x000000008e700000| Complete 
| 232|0x000000008e800000, 0x000000008e900000, 0x000000008e900000|100%| E|CS|TAMS 0x000000008e800000, 0x000000008e800000| Complete 
| 233|0x000000008e900000, 0x000000008ea00000, 0x000000008ea00000|100%| E|CS|TAMS 0x000000008e900000, 0x000000008e900000| Complete 
| 234|0x000000008ea00000, 0x000000008eb00000, 0x000000008eb00000|100%| E|CS|TAMS 0x000000008ea00000, 0x000000008ea00000| Complete 
| 235|0x000000008eb00000, 0x000000008ec00000, 0x000000008ec00000|100%| E|CS|TAMS 0x000000008eb00000, 0x000000008eb00000| Complete 
| 236|0x000000008ec00000, 0x000000008ed00000, 0x000000008ed00000|100%| E|CS|TAMS 0x000000008ec00000, 0x000000008ec00000| Complete 
| 237|0x000000008ed00000, 0x000000008ee00000, 0x000000008ee00000|100%| E|CS|TAMS 0x000000008ed00000, 0x000000008ed00000| Complete 
| 238|0x000000008ee00000, 0x000000008ef00000, 0x000000008ef00000|100%| E|CS|TAMS 0x000000008ee00000, 0x000000008ee00000| Complete 
| 239|0x000000008ef00000, 0x000000008f000000, 0x000000008f000000|100%| E|CS|TAMS 0x000000008ef00000, 0x000000008ef00000| Complete 
| 240|0x000000008f000000, 0x000000008f100000, 0x000000008f100000|100%| E|  |TAMS 0x000000008f000000, 0x000000008f000000| Complete 
| 241|0x000000008f100000, 0x000000008f200000, 0x000000008f200000|100%| E|CS|TAMS 0x000000008f100000, 0x000000008f100000| Complete 
| 242|0x000000008f200000, 0x000000008f300000, 0x000000008f300000|100%| E|CS|TAMS 0x000000008f200000, 0x000000008f200000| Complete 
| 243|0x000000008f300000, 0x000000008f400000, 0x000000008f400000|100%| E|CS|TAMS 0x000000008f300000, 0x000000008f300000| Complete 
| 244|0x000000008f400000, 0x000000008f500000, 0x000000008f500000|100%| E|CS|TAMS 0x000000008f400000, 0x000000008f400000| Complete 
| 245|0x000000008f500000, 0x000000008f600000, 0x000000008f600000|100%| E|CS|TAMS 0x000000008f500000, 0x000000008f500000| Complete 
| 246|0x000000008f600000, 0x000000008f700000, 0x000000008f700000|100%| E|CS|TAMS 0x000000008f600000, 0x000000008f600000| Complete 
| 247|0x000000008f700000, 0x000000008f800000, 0x000000008f800000|100%| E|CS|TAMS 0x000000008f700000, 0x000000008f700000| Complete 
| 248|0x000000008f800000, 0x000000008f900000, 0x000000008f900000|100%| E|CS|TAMS 0x000000008f800000, 0x000000008f800000| Complete 
| 249|0x000000008f900000, 0x000000008fa00000, 0x000000008fa00000|100%| E|CS|TAMS 0x000000008f900000, 0x000000008f900000| Complete 
| 250|0x000000008fa00000, 0x000000008fb00000, 0x000000008fb00000|100%| E|CS|TAMS 0x000000008fa00000, 0x000000008fa00000| Complete 
| 251|0x000000008fb00000, 0x000000008fc00000, 0x000000008fc00000|100%| E|CS|TAMS 0x000000008fb00000, 0x000000008fb00000| Complete 
| 252|0x000000008fc00000, 0x000000008fd00000, 0x000000008fd00000|100%| E|CS|TAMS 0x000000008fc00000, 0x000000008fc00000| Complete 
| 253|0x000000008fd00000, 0x000000008fe00000, 0x000000008fe00000|100%| E|CS|TAMS 0x000000008fd00000, 0x000000008fd00000| Complete 

Card table byte_map: [0x000001c399150000,0x000001c399550000] _byte_map_base: 0x000001c398d50000

Marking Bits (Prev, Next): (CMBitMap*) 0x000001c385d13fa0, (CMBitMap*) 0x000001c385d13f68
 Prev Bits: [0x000001c39b950000, 0x000001c39d950000)
 Next Bits: [0x000001c399950000, 0x000001c39b950000)

Polling page: 0x000001c3854b0000

Metaspace:

Usage:
  Non-class:     90.72 MB capacity,    88.90 MB ( 98%) used,     1.51 MB (  2%) free+waste,   329.62 KB ( <1%) overhead. 
      Class:     14.05 MB capacity,    13.01 MB ( 93%) used,   908.40 KB (  6%) free+waste,   152.12 KB (  1%) overhead. 
       Both:    104.77 MB capacity,   101.91 MB ( 97%) used,     2.39 MB (  2%) free+waste,   481.75 KB ( <1%) overhead. 

Virtual space:
  Non-class space:       92.00 MB reserved,      91.21 MB (>99%) committed 
      Class space:        1.00 GB reserved,      14.38 MB (  1%) committed 
             Both:        1.09 GB reserved,     105.58 MB (  9%) committed 

Chunk freelists:
   Non-Class:  431.00 KB
       Class:  239.00 KB
        Both:  670.00 KB

MaxMetaspaceSize: 17179869184.00 GB
CompressedClassSpaceSize: 1.00 GB
Initial GC threshold: 20.80 MB
Current GC threshold: 169.93 MB
CDS: off

CodeHeap 'non-profiled nmethods': size=120000Kb used=8118Kb max_used=8118Kb free=111882Kb
 bounds [0x000001c3912d0000, 0x000001c391ac0000, 0x000001c398800000]
CodeHeap 'profiled nmethods': size=120000Kb used=27974Kb max_used=27974Kb free=92025Kb
 bounds [0x000001c389da0000, 0x000001c38b900000, 0x000001c3912d0000]
CodeHeap 'non-nmethods': size=5760Kb used=2387Kb max_used=2459Kb free=3372Kb
 bounds [0x000001c389800000, 0x000001c389a70000, 0x000001c389da0000]
 total_blobs=14483 nmethods=13577 adapters=817
 compilation: enabled
              stopped_count=0, restarted_count=0
 full_count=0

Compilation events (20 events):
Event: 116.506 Thread 0x000001c3a0eab800 nmethod 13651 0x000001c38b8d5390 code [0x000001c38b8d5560, 0x000001c38b8d57c8]
Event: 116.506 Thread 0x000001c3a0eab800 13654       3       com.android.build.gradle.internal.api.DefaultAndroidSourceDirectorySet::<init> (59 bytes)
Event: 116.506 Thread 0x000001c3a0eab800 nmethod 13654 0x000001c38b8d5910 code [0x000001c38b8d5b80, 0x000001c38b8d65e8]
Event: 116.506 Thread 0x000001c3a0eab800 13668       3       org.gradle.internal.event.BroadcastDispatch$EmptyDispatch::add (14 bytes)
Event: 116.506 Thread 0x000001c3a0eab800 nmethod 13668 0x000001c38b8d6990 code [0x000001c38b8d6b80, 0x000001c38b8d6fd8]
Event: 116.506 Thread 0x000001c3a0eab800 13670       3       org.gradle.internal.event.BroadcastDispatch$SingletonDispatch::add (70 bytes)
Event: 116.507 Thread 0x000001c3a0eab800 nmethod 13670 0x000001c38b8d7190 code [0x000001c38b8d74c0, 0x000001c38b8d8ac8]
Event: 116.507 Thread 0x000001c3a0eab800 13652       3       org.gradle.api.internal.plugins.DefaultPluginRegistry$PluginIdLookupCacheKey::<init> (15 bytes)
Event: 116.507 Thread 0x000001c3a0eab800 nmethod 13652 0x000001c38b8d9290 code [0x000001c38b8d9440, 0x000001c38b8d9658]
Event: 116.507 Thread 0x000001c3a0eab800 13660       1       com.android.build.gradle.internal.core.VariantDslInfoImpl::getComponentIdentity (5 bytes)
Event: 116.507 Thread 0x000001c3a0eab800 nmethod 13660 0x000001c391aba890 code [0x000001c391abaa40, 0x000001c391abaaf8]
Event: 116.507 Thread 0x000001c3a0eab800 13676       3       org.gradle.api.internal.artifacts.configurations.DefaultConfiguration_Decorated::setVisible (12 bytes)
Event: 116.508 Thread 0x000001c3a0eab800 nmethod 13676 0x000001c38b8d9710 code [0x000001c38b8d9900, 0x000001c38b8d9c78]
Event: 116.508 Thread 0x000001c3a0eab800 13677       3       org.gradle.api.internal.artifacts.configurations.DefaultConfiguration::setVisible (14 bytes)
Event: 116.508 Thread 0x000001c3a0eab800 nmethod 13677 0x000001c38b8d9e10 code [0x000001c38b8d9fe0, 0x000001c38b8da2d8]
Event: 116.508 Thread 0x000001c3a0eab800 13663       1       com.android.builder.internal.BaseConfigImpl::getApplicationIdSuffix (5 bytes)
Event: 116.508 Thread 0x000001c3a0eab800 nmethod 13663 0x000001c391abab90 code [0x000001c391abad40, 0x000001c391abadf8]
Event: 116.508 Thread 0x000001c3a0eab800 13674       1       com.android.builder.core.AbstractProductFlavor::getTargetSdkVersion (5 bytes)
Event: 116.508 Thread 0x000001c3a0eab800 nmethod 13674 0x000001c391abae90 code [0x000001c391abb040, 0x000001c391abb0f8]
Event: 116.508 Thread 0x000001c3a0eab800 13675       1       org.gradle.api.internal.provider.TransformBackedProvider::getType (2 bytes)

GC Heap History (20 events):
Event: 3.506 GC heap before
{Heap before GC invocations=7 (full 0):
 garbage-first heap   total 260096K, used 118609K [0x0000000080000000, 0x0000000100000000)
  region size 1024K, 97 young (99328K), 6 survivors (6144K)
 Metaspace       used 43643K, capacity 44650K, committed 44880K, reserved 1089536K
  class space    used 5524K, capacity 5848K, committed 5888K, reserved 1048576K
}
Event: 3.512 GC heap after
{Heap after GC invocations=8 (full 0):
 garbage-first heap   total 260096K, used 27557K [0x0000000080000000, 0x0000000100000000)
  region size 1024K, 11 young (11264K), 11 survivors (11264K)
 Metaspace       used 43643K, capacity 44650K, committed 44880K, reserved 1089536K
  class space    used 5524K, capacity 5848K, committed 5888K, reserved 1048576K
}
Event: 4.353 GC heap before
{Heap before GC invocations=8 (full 0):
 garbage-first heap   total 260096K, used 137125K [0x0000000080000000, 0x0000000100000000)
  region size 1024K, 116 young (118784K), 11 survivors (11264K)
 Metaspace       used 53043K, capacity 54405K, committed 54736K, reserved 1097728K
  class space    used 6713K, capacity 7191K, committed 7296K, reserved 1048576K
}
Event: 4.361 GC heap after
{Heap after GC invocations=9 (full 0):
 garbage-first heap   total 260096K, used 39186K [0x0000000080000000, 0x0000000100000000)
  region size 1024K, 15 young (15360K), 15 survivors (15360K)
 Metaspace       used 53043K, capacity 54405K, committed 54736K, reserved 1097728K
  class space    used 6713K, capacity 7191K, committed 7296K, reserved 1048576K
}
Event: 4.786 GC heap before
{Heap before GC invocations=9 (full 0):
 garbage-first heap   total 260096K, used 85266K [0x0000000080000000, 0x0000000100000000)
  region size 1024K, 60 young (61440K), 15 survivors (15360K)
 Metaspace       used 58689K, capacity 60187K, committed 60240K, reserved 1101824K
  class space    used 7372K, capacity 7889K, committed 7936K, reserved 1048576K
}
Event: 4.795 GC heap after
{Heap after GC invocations=10 (full 0):
 garbage-first heap   total 260096K, used 43320K [0x0000000080000000, 0x0000000100000000)
  region size 1024K, 13 young (13312K), 13 survivors (13312K)
 Metaspace       used 58689K, capacity 60187K, committed 60240K, reserved 1101824K
  class space    used 7372K, capacity 7889K, committed 7936K, reserved 1048576K
}
Event: 5.757 GC heap before
{Heap before GC invocations=11 (full 0):
 garbage-first heap   total 260096K, used 162104K [0x0000000080000000, 0x0000000100000000)
  region size 1024K, 129 young (132096K), 13 survivors (13312K)
 Metaspace       used 66834K, capacity 68586K, committed 68820K, reserved 1110016K
  class space    used 8574K, capacity 9174K, committed 9216K, reserved 1048576K
}
Event: 5.778 GC heap after
{Heap after GC invocations=12 (full 0):
 garbage-first heap   total 260096K, used 54822K [0x0000000080000000, 0x0000000100000000)
  region size 1024K, 16 young (16384K), 16 survivors (16384K)
 Metaspace       used 66834K, capacity 68586K, committed 68820K, reserved 1110016K
  class space    used 8574K, capacity 9174K, committed 9216K, reserved 1048576K
}
Event: 6.696 GC heap before
{Heap before GC invocations=13 (full 0):
 garbage-first heap   total 260096K, used 173606K [0x0000000080000000, 0x0000000100000000)
  region size 1024K, 132 young (135168K), 16 survivors (16384K)
 Metaspace       used 73505K, capacity 75607K, committed 75860K, reserved 1116160K
  class space    used 9559K, capacity 10245K, committed 10368K, reserved 1048576K
}
Event: 6.707 GC heap after
{Heap after GC invocations=14 (full 0):
 garbage-first heap   total 260096K, used 67833K [0x0000000080000000, 0x0000000100000000)
  region size 1024K, 14 young (14336K), 14 survivors (14336K)
 Metaspace       used 73505K, capacity 75607K, committed 75860K, reserved 1116160K
  class space    used 9559K, capacity 10245K, committed 10368K, reserved 1048576K
}
Event: 7.147 GC heap before
{Heap before GC invocations=14 (full 0):
 garbage-first heap   total 260096K, used 181497K [0x0000000080000000, 0x0000000100000000)
  region size 1024K, 126 young (129024K), 14 survivors (14336K)
 Metaspace       used 74794K, capacity 77155K, committed 77396K, reserved 1116160K
  class space    used 9710K, capacity 10499K, committed 10624K, reserved 1048576K
}
Event: 7.156 GC heap after
{Heap after GC invocations=15 (full 0):
 garbage-first heap   total 260096K, used 75996K [0x0000000080000000, 0x0000000100000000)
  region size 1024K, 8 young (8192K), 8 survivors (8192K)
 Metaspace       used 74794K, capacity 77155K, committed 77396K, reserved 1116160K
  class space    used 9710K, capacity 10499K, committed 10624K, reserved 1048576K
}
Event: 8.544 GC heap before
{Heap before GC invocations=15 (full 0):
 garbage-first heap   total 260096K, used 191708K [0x0000000080000000, 0x0000000100000000)
  region size 1024K, 120 young (122880K), 8 survivors (8192K)
 Metaspace       used 83291K, capacity 85727K, committed 85972K, reserved 1124352K
  class space    used 10768K, capacity 11670K, committed 11776K, reserved 1048576K
}
Event: 8.555 GC heap after
{Heap after GC invocations=16 (full 0):
 garbage-first heap   total 260096K, used 93427K [0x0000000080000000, 0x0000000100000000)
  region size 1024K, 15 young (15360K), 15 survivors (15360K)
 Metaspace       used 83291K, capacity 85727K, committed 85972K, reserved 1124352K
  class space    used 10768K, capacity 11670K, committed 11776K, reserved 1048576K
}
Event: 9.207 GC heap before
{Heap before GC invocations=16 (full 0):
 garbage-first heap   total 260096K, used 191731K [0x0000000080000000, 0x0000000100000000)
  region size 1024K, 112 young (114688K), 15 survivors (15360K)
 Metaspace       used 86664K, capacity 89290K, committed 89556K, reserved 1126400K
  class space    used 11123K, capacity 12016K, committed 12032K, reserved 1048576K
}
Event: 9.217 GC heap after
{Heap after GC invocations=17 (full 0):
 garbage-first heap   total 260096K, used 100150K [0x0000000080000000, 0x0000000100000000)
  region size 1024K, 7 young (7168K), 7 survivors (7168K)
 Metaspace       used 86664K, capacity 89290K, committed 89556K, reserved 1126400K
  class space    used 11123K, capacity 12016K, committed 12032K, reserved 1048576K
}
Event: 10.004 GC heap before
{Heap before GC invocations=17 (full 0):
 garbage-first heap   total 260096K, used 197430K [0x0000000080000000, 0x0000000100000000)
  region size 1024K, 103 young (105472K), 7 survivors (7168K)
 Metaspace       used 96071K, capacity 99140K, committed 99412K, reserved 1134592K
  class space    used 12512K, capacity 13604K, committed 13696K, reserved 1048576K
}
Event: 10.010 GC heap after
{Heap after GC invocations=18 (full 0):
 garbage-first heap   total 260096K, used 106995K [0x0000000080000000, 0x0000000100000000)
  region size 1024K, 13 young (13312K), 13 survivors (13312K)
 Metaspace       used 96071K, capacity 99140K, committed 99412K, reserved 1134592K
  class space    used 12512K, capacity 13604K, committed 13696K, reserved 1048576K
}
Event: 10.611 GC heap before
{Heap before GC invocations=18 (full 0):
 garbage-first heap   total 260096K, used 186867K [0x0000000080000000, 0x0000000100000000)
  region size 1024K, 70 young (71680K), 13 survivors (13312K)
 Metaspace       used 100930K, capacity 104181K, committed 104404K, reserved 1140736K
  class space    used 13184K, capacity 14336K, committed 14336K, reserved 1048576K
}
Event: 10.618 GC heap after
{Heap after GC invocations=19 (full 0):
 garbage-first heap   total 260096K, used 125239K [0x0000000080000000, 0x0000000100000000)
  region size 1024K, 7 young (7168K), 7 survivors (7168K)
 Metaspace       used 100930K, capacity 104181K, committed 104404K, reserved 1140736K
  class space    used 13184K, capacity 14336K, committed 14336K, reserved 1048576K
}

Deoptimization events (20 events):
Event: 31.427 Thread 0x000001c3a3324000 DEOPT PACKING pc=0x000001c391961f04 sp=0x00000032d52fe9a0
Event: 31.427 Thread 0x000001c3a3324000 DEOPT UNPACKING pc=0x000001c38984a1af sp=0x00000032d52fe8f8 mode 2
Event: 41.420 Thread 0x000001c3a3324000 Uncommon trap: trap_request=0xffffff6e fr.pc=0x000001c391961f04 relative=0x00000000000001c4
Event: 41.420 Thread 0x000001c3a3324000 Uncommon trap: reason=speculate_class_check action=maybe_recompile pc=0x000001c391961f04 method=java.util.AbstractList.listIterator()Ljava/util/ListIterator; @ 2 c2
Event: 41.420 Thread 0x000001c3a3324000 DEOPT PACKING pc=0x000001c391961f04 sp=0x00000032d52fe9a0
Event: 41.420 Thread 0x000001c3a3324000 DEOPT UNPACKING pc=0x000001c38984a1af sp=0x00000032d52fe8f8 mode 2
Event: 116.457 Thread 0x000001c3a4a2c800 Uncommon trap: trap_request=0xffffffc6 fr.pc=0x000001c3913dd82c relative=0x000000000000024c
Event: 116.457 Thread 0x000001c3a4a2c800 Uncommon trap: reason=bimorphic_or_optimized_type_check action=maybe_recompile pc=0x000001c3913dd82c method=com.google.common.base.CharMatcher.indexIn(Ljava/lang/CharSequence;I)I @ 31 c2
Event: 116.457 Thread 0x000001c3a4a2c800 DEOPT PACKING pc=0x000001c3913dd82c sp=0x00000032d54f8980
Event: 116.457 Thread 0x000001c3a4a2c800 DEOPT UNPACKING pc=0x000001c38984a1af sp=0x00000032d54f8928 mode 2
Event: 116.463 Thread 0x000001c3a4a2c800 DEOPT PACKING pc=0x000001c38a2d77f9 sp=0x00000032d54f7340
Event: 116.463 Thread 0x000001c3a4a2c800 DEOPT UNPACKING pc=0x000001c38984a95e sp=0x00000032d54f6810 mode 0
Event: 116.468 Thread 0x000001c3a4a2c800 Uncommon trap: trap_request=0xffffff7e fr.pc=0x000001c391a6f850 relative=0x0000000000000870
Event: 116.468 Thread 0x000001c3a4a2c800 Uncommon trap: reason=predicate action=maybe_recompile pc=0x000001c391a6f850 method=java.util.ComparableTimSort.binarySort([Ljava/lang/Object;III)V @ 34 c2
Event: 116.468 Thread 0x000001c3a4a2c800 DEOPT PACKING pc=0x000001c391a6f850 sp=0x00000032d54f8f60
Event: 116.468 Thread 0x000001c3a4a2c800 DEOPT UNPACKING pc=0x000001c38984a1af sp=0x00000032d54f8f08 mode 2
Event: 116.479 Thread 0x000001c3a4a2c800 Uncommon trap: trap_request=0xffffff4d fr.pc=0x000001c3919e9818 relative=0x00000000000007d8
Event: 116.479 Thread 0x000001c3a4a2c800 Uncommon trap: reason=unstable_if action=reinterpret pc=0x000001c3919e9818 method=org.apache.commons.io.FilenameUtils.doNormalize(Ljava/lang/String;CZ)Ljava/lang/String; @ 219 c2
Event: 116.479 Thread 0x000001c3a4a2c800 DEOPT PACKING pc=0x000001c3919e9818 sp=0x00000032d54f3e70
Event: 116.479 Thread 0x000001c3a4a2c800 DEOPT UNPACKING pc=0x000001c38984a1af sp=0x00000032d54f3e18 mode 2

Classes redefined (0 events):
No events

Internal exceptions (20 events):
Event: 10.017 Thread 0x000001c3abc16000 Exception <a 'java/lang/NoSuchMethodError'{0x000000008fcd54b0}: 'long java.lang.invoke.DirectMethodHandle$Holder.invokeStatic(java.lang.Object, java.lang.Object, java.lang.Object)'> (0x000000008fcd54b0) thrown at [src/hotspot/share/interpreter/linkResolver.cpp, line 773]
Event: 10.028 Thread 0x000001c3abc13800 Implicit null exception at 0x000001c3914a782f to 0x000001c3914a7920
Event: 10.028 Thread 0x000001c3abc16000 Implicit null exception at 0x000001c3914a782f to 0x000001c3914a7920
Event: 10.028 Thread 0x000001c3abc18800 Implicit null exception at 0x000001c3914a782f to 0x000001c3914a7920
Event: 10.028 Thread 0x000001c3abc19800 Implicit null exception at 0x000001c3914a782f to 0x000001c3914a7920
Event: 10.028 Thread 0x000001c3a4979000 Implicit null exception at 0x000001c3914a782f to 0x000001c3914a7920
Event: 10.028 Thread 0x000001c3a497c800 Implicit null exception at 0x000001c3914a782f to 0x000001c3914a7920
Event: 10.028 Thread 0x000001c3a497a000 Implicit null exception at 0x000001c3914a782f to 0x000001c3914a7920
Event: 10.028 Thread 0x000001c3abc15000 Implicit null exception at 0x000001c3914a782f to 0x000001c3914a7920
Event: 10.028 Thread 0x000001c3a497b000 Implicit null exception at 0x000001c3914a782f to 0x000001c3914a7920
Event: 10.028 Thread 0x000001c3a497b800 Implicit null exception at 0x000001c3914a782f to 0x000001c3914a7920
Event: 10.028 Thread 0x000001c3a4978800 Implicit null exception at 0x000001c3914a782f to 0x000001c3914a7920
Event: 10.174 Thread 0x000001c3abc18800 Exception <a 'sun/nio/fs/WindowsException'{0x000000008ed3ffc8}> (0x000000008ed3ffc8) thrown at [src/hotspot/share/prims/jni.cpp, line 617]
Event: 10.485 Thread 0x000001c3a4a35000 Exception <a 'java/lang/NoSuchMethodError'{0x000000008cb80ac0}: <clinit>> (0x000000008cb80ac0) thrown at [src/hotspot/share/prims/jni.cpp, line 1367]
Event: 10.754 Thread 0x000001c3a4976800 Exception <a 'java/lang/NoSuchMethodError'{0x000000008fb08ce0}: 'java.lang.Object java.lang.invoke.DirectMethodHandle$Holder.invokeVirtual(java.lang.Object, java.lang.Object, int)'> (0x000000008fb08ce0) thrown at [src/hotspot/share/interpreter/linkResolver.cpp, line 773]
Event: 10.904 Thread 0x000001c3a26ba800 Exception <a 'java/lang/NoSuchMethodError'{0x000000008fa952f0}: 'java.lang.Object java.lang.invoke.DirectMethodHandle$Holder.invokeSpecial(java.lang.Object, java.lang.Object, java.lang.Object, int, int, java.lang.Object, java.lang.Object)'> (0x000000008fa952f0) thrown at [src/hotspot/share/interpreter/linkResolver.cpp, line 773]
Event: 10.904 Thread 0x000001c3a26ba800 Exception <a 'java/lang/NoSuchMethodError'{0x000000008fac4148}: 'java.lang.Object java.lang.invoke.DirectMethodHandle$Holder.invokeStatic(java.lang.Object, java.lang.Object, java.lang.Object, int, int, java.lang.Object)'> (0x000000008fac4148) thrown at [src/hotspot/share/interpreter/linkResolver.cpp, line 773]
Event: 10.904 Thread 0x000001c3a26ba800 Exception <a 'java/lang/NoSuchMethodError'{0x000000008fac7e68}: 'java.lang.Object java.lang.invoke.DirectMethodHandle$Holder.invokeSpecial(java.lang.Object, java.lang.Object, java.lang.Object, java.lang.Object, int, int, java.lang.Object)'> (0x000000008fac7e68) thrown at [src/hotspot/share/interpreter/linkResolver.cpp, line 773]
Event: 10.905 Thread 0x000001c3a26ba800 Exception <a 'java/lang/NoSuchMethodError'{0x000000008facb388}: 'java.lang.Object java.lang.invoke.Invokers$Holder.linkToTargetMethod(java.lang.Object, java.lang.Object, int, int, java.lang.Object, java.lang.Object)'> (0x000000008facb388) thrown at [src/hotspot/share/interpreter/linkResolver.cpp, line 773]
Event: 10.924 Thread 0x000001c3a26ba800 Implicit null exception at 0x000001c3917a11bf to 0x000001c3917a1bd0

Events (20 events):
Event: 116.462 Executing VM operation: RevokeBias
Event: 116.463 Executing VM operation: RevokeBias done
Event: 116.467 Executing VM operation: RevokeBias
Event: 116.467 Executing VM operation: RevokeBias done
Event: 116.467 Executing VM operation: RevokeBias
Event: 116.468 Executing VM operation: RevokeBias done
Event: 116.468 Executing VM operation: RevokeBias
Event: 116.468 Executing VM operation: RevokeBias done
Event: 116.468 Executing VM operation: RevokeBias
Event: 116.468 Executing VM operation: RevokeBias done
Event: 116.469 Executing VM operation: RevokeBias
Event: 116.469 Executing VM operation: RevokeBias done
Event: 116.479 Executing VM operation: RevokeBias
Event: 116.479 Executing VM operation: RevokeBias done
Event: 116.479 Executing VM operation: RevokeBias
Event: 116.479 Executing VM operation: RevokeBias done
Event: 116.479 Executing VM operation: RevokeBias
Event: 116.480 Executing VM operation: RevokeBias done
Event: 116.490 Executing VM operation: RevokeBias
Event: 116.490 Executing VM operation: RevokeBias done


Dynamic libraries:
0x00007ff78c180000 - 0x00007ff78c18a000 	C:\Program Files\Android\Android Studio\jbr\bin\java.exe
0x00007ffa8b3f0000 - 0x00007ffa8b5e8000 	C:\WINDOWS\SYSTEM32\ntdll.dll
0x00007ffa8a390000 - 0x00007ffa8a44f000 	C:\WINDOWS\System32\KERNEL32.DLL
0x00007ffa88c20000 - 0x00007ffa88ef2000 	C:\WINDOWS\System32\KERNELBASE.dll
0x00007ffa89300000 - 0x00007ffa89400000 	C:\WINDOWS\System32\ucrtbase.dll
0x00007ffa7b330000 - 0x00007ffa7b347000 	C:\Program Files\Android\Android Studio\jbr\bin\jli.dll
0x00007ffa7b350000 - 0x00007ffa7b36b000 	C:\Program Files\Android\Android Studio\jbr\bin\VCRUNTIME140.dll
0x00007ffa8a0a0000 - 0x00007ffa8a241000 	C:\WINDOWS\System32\USER32.dll
0x00007ffa76880000 - 0x00007ffa76b1a000 	C:\WINDOWS\WinSxS\amd64_microsoft.windows.common-controls_6595b64144ccf1df_6.0.19041.1110_none_60b5254171f9507e\COMCTL32.dll
0x00007ffa89400000 - 0x00007ffa89422000 	C:\WINDOWS\System32\win32u.dll
0x00007ffa8b160000 - 0x00007ffa8b1fe000 	C:\WINDOWS\System32\msvcrt.dll
0x00007ffa8a070000 - 0x00007ffa8a09b000 	C:\WINDOWS\System32\GDI32.dll
0x00007ffa88f00000 - 0x00007ffa8900f000 	C:\WINDOWS\System32\gdi32full.dll
0x00007ffa890b0000 - 0x00007ffa8914d000 	C:\WINDOWS\System32\msvcp_win.dll
0x00007ffa8add0000 - 0x00007ffa8ae02000 	C:\WINDOWS\System32\IMM32.DLL
0x00007ffa84400000 - 0x00007ffa8440c000 	C:\Program Files\Android\Android Studio\jbr\bin\vcruntime140_1.dll
0x00007ffa719a0000 - 0x00007ffa71a2d000 	C:\Program Files\Android\Android Studio\jbr\bin\msvcp140.dll
0x00007ffa72ea0000 - 0x00007ffa73a5c000 	C:\Program Files\Android\Android Studio\jbr\bin\server\jvm.dll
0x00007ffa8af30000 - 0x00007ffa8afde000 	C:\WINDOWS\System32\ADVAPI32.dll
0x00007ffa8b0c0000 - 0x00007ffa8b15c000 	C:\WINDOWS\System32\sechost.dll
0x00007ffa898e0000 - 0x00007ffa89a05000 	C:\WINDOWS\System32\RPCRT4.dll
0x00007ffa89ac0000 - 0x00007ffa89ac8000 	C:\WINDOWS\System32\PSAPI.DLL
0x00007ffa7b8f0000 - 0x00007ffa7b8f9000 	C:\WINDOWS\SYSTEM32\WSOCK32.dll
0x00007ffa7cf00000 - 0x00007ffa7cf27000 	C:\WINDOWS\SYSTEM32\WINMM.dll
0x00007ffa82a30000 - 0x00007ffa82a3a000 	C:\WINDOWS\SYSTEM32\VERSION.dll
0x00007ffa8aec0000 - 0x00007ffa8af2b000 	C:\WINDOWS\System32\WS2_32.dll
0x00007ffa869a0000 - 0x00007ffa869b2000 	C:\WINDOWS\SYSTEM32\kernel.appcore.dll
0x00007ffa843f0000 - 0x00007ffa84400000 	C:\Program Files\Android\Android Studio\jbr\bin\verify.dll
0x00007ffa7ad80000 - 0x00007ffa7af64000 	C:\WINDOWS\SYSTEM32\DBGHELP.DLL
0x00007ffa6cd60000 - 0x00007ffa6cd95000 	C:\WINDOWS\SYSTEM32\dbgcore.DLL
0x00007ffa88ae0000 - 0x00007ffa88b62000 	C:\WINDOWS\System32\bcryptPrimitives.dll
0x00007ffa828e0000 - 0x00007ffa82908000 	C:\Program Files\Android\Android Studio\jbr\bin\java.dll
0x00007ffa84360000 - 0x00007ffa8436a000 	C:\Program Files\Android\Android Studio\jbr\bin\jimage.dll
0x00007ffa828c0000 - 0x00007ffa828d8000 	C:\Program Files\Android\Android Studio\jbr\bin\zip.dll
0x00007ffa8a550000 - 0x00007ffa8ac95000 	C:\WINDOWS\System32\SHELL32.dll
0x00007ffa86ba0000 - 0x00007ffa87332000 	C:\WINDOWS\SYSTEM32\windows.storage.dll
0x00007ffa89430000 - 0x00007ffa89785000 	C:\WINDOWS\System32\combase.dll
0x00007ffa88540000 - 0x00007ffa88570000 	C:\WINDOWS\SYSTEM32\Wldp.dll
0x00007ffa8ae10000 - 0x00007ffa8aebd000 	C:\WINDOWS\System32\SHCORE.dll
0x00007ffa8b060000 - 0x00007ffa8b0b5000 	C:\WINDOWS\System32\shlwapi.dll
0x00007ffa88a20000 - 0x00007ffa88a3f000 	C:\WINDOWS\SYSTEM32\profapi.dll
0x00007ffa828a0000 - 0x00007ffa828b9000 	C:\Program Files\Android\Android Studio\jbr\bin\net.dll
0x00007ffa81610000 - 0x00007ffa8171c000 	C:\WINDOWS\SYSTEM32\WINHTTP.dll
0x00007ffa882a0000 - 0x00007ffa8830a000 	C:\WINDOWS\system32\mswsock.dll
0x00007ffa82880000 - 0x00007ffa82893000 	C:\Program Files\Android\Android Studio\jbr\bin\nio.dll
0x00007ffa7c300000 - 0x00007ffa7c327000 	C:\Users\trian\.gradle\native\fdc75f09e3144964f2cf3f50f0aa648679c211496f362492102eb8c894070792\windows-amd64\native-platform.dll
0x00007ffa72240000 - 0x00007ffa723d6000 	C:\Users\trian\.gradle\native\12488b8bf47d2d4c9fbf2f6322a914ad602e24e48041cd04a747c6da556b65c4\windows-amd64\native-platform-file-events.dll
0x00007ffa84350000 - 0x00007ffa8435a000 	C:\Program Files\Android\Android Studio\jbr\bin\management.dll
0x00007ffa82870000 - 0x00007ffa8287b000 	C:\Program Files\Android\Android Studio\jbr\bin\management_ext.dll
0x00007ffa884a0000 - 0x00007ffa884b8000 	C:\WINDOWS\SYSTEM32\CRYPTSP.dll
0x00007ffa87b50000 - 0x00007ffa87b84000 	C:\WINDOWS\system32\rsaenh.dll
0x00007ffa89080000 - 0x00007ffa890a7000 	C:\WINDOWS\System32\bcrypt.dll
0x00007ffa889e0000 - 0x00007ffa88a0e000 	C:\WINDOWS\SYSTEM32\USERENV.dll
0x00007ffa88490000 - 0x00007ffa8849c000 	C:\WINDOWS\SYSTEM32\CRYPTBASE.dll
0x00007ffa87f40000 - 0x00007ffa87f7b000 	C:\WINDOWS\SYSTEM32\IPHLPAPI.DLL
0x00007ffa89790000 - 0x00007ffa89798000 	C:\WINDOWS\System32\NSI.dll
0x00007ffa81bb0000 - 0x00007ffa81bc7000 	C:\WINDOWS\SYSTEM32\dhcpcsvc6.DLL
0x00007ffa82a50000 - 0x00007ffa82a6d000 	C:\WINDOWS\SYSTEM32\dhcpcsvc.DLL
0x00007ffa87f80000 - 0x00007ffa8804b000 	C:\WINDOWS\SYSTEM32\DNSAPI.dll
0x00007ffa82a70000 - 0x00007ffa82a7b000 	C:\WINDOWS\SYSTEM32\WINNSI.DLL

dbghelp: loaded successfully - version: 4.0.5 - missing functions: none
symbol engine: initialized successfully - sym options: 0x614 - pdb path: .;C:\Program Files\Android\Android Studio\jbr\bin;C:\WINDOWS\SYSTEM32;C:\WINDOWS\WinSxS\amd64_microsoft.windows.common-controls_6595b64144ccf1df_6.0.19041.1110_none_60b5254171f9507e;C:\Program Files\Android\Android Studio\jbr\bin\server;C:\Users\trian\.gradle\native\fdc75f09e3144964f2cf3f50f0aa648679c211496f362492102eb8c894070792\windows-amd64;C:\Users\trian\.gradle\native\12488b8bf47d2d4c9fbf2f6322a914ad602e24e48041cd04a747c6da556b65c4\windows-amd64

VM Arguments:
jvm_args: --add-opens=java.base/java.util=ALL-UNNAMED --add-opens=java.base/java.lang=ALL-UNNAMED --add-opens=java.base/java.lang.invoke=ALL-UNNAMED --add-opens=java.prefs/java.util.prefs=ALL-UNNAMED -Xmx2048m -Dfile.encoding=UTF-8 -Duser.country=KR -Duser.language=ko -Duser.variant 
java_command: org.gradle.launcher.daemon.bootstrap.GradleDaemon 6.7.1
java_class_path (initial): C:\Users\trian\.gradle\wrapper\dists\gradle-6.7.1-bin\bwlcbys1h7rz3272sye1xwiv6\gradle-6.7.1\lib\gradle-launcher-6.7.1.jar
Launcher Type: SUN_STANDARD

[Global flags]
     intx CICompilerCount                          = 4                                         {product} {ergonomic}
     uint ConcGCThreads                            = 3                                         {product} {ergonomic}
     uint G1ConcRefinementThreads                  = 10                                        {product} {ergonomic}
   size_t G1HeapRegionSize                         = 1048576                                   {product} {ergonomic}
    uintx GCDrainStackTargetSize                   = 64                                        {product} {ergonomic}
   size_t InitialHeapSize                          = 266338304                                 {product} {ergonomic}
   size_t MarkStackSize                            = 4194304                                   {product} {ergonomic}
   size_t MaxHeapSize                              = 2147483648                                {product} {command line}
   size_t MaxNewSize                               = 1287651328                                {product} {ergonomic}
   size_t MinHeapDeltaBytes                        = 1048576                                   {product} {ergonomic}
    uintx NonNMethodCodeHeapSize                   = 5836300                                {pd product} {ergonomic}
    uintx NonProfiledCodeHeapSize                  = 122910970                              {pd product} {ergonomic}
    uintx ProfiledCodeHeapSize                     = 122910970                              {pd product} {ergonomic}
    uintx ReservedCodeCacheSize                    = 251658240                              {pd product} {ergonomic}
     bool SegmentedCodeCache                       = true                                      {product} {ergonomic}
     bool UseCompressedClassPointers               = true                                 {lp64_product} {ergonomic}
     bool UseCompressedOops                        = true                                 {lp64_product} {ergonomic}
     bool UseG1GC                                  = true                                      {product} {ergonomic}
     bool UseLargePagesIndividualAllocation        = false                                  {pd product} {ergonomic}

Logging:
Log output configuration:
 #0: stdout all=warning uptime,level,tags
 #1: stderr all=off uptime,level,tags

Environment Variables:
JAVA_HOME=C:\Program Files\Java\jdk1.8.0_202
CLASSPATH=C:\Program Files\Java\jdk1.8.0_202lib
PATH=C:\Program Files (x86)\Common Files\Oracle\Java\javapath;C:\WINDOWS\system32;C:\WINDOWS;C:\WINDOWS\System32\Wbem;C:\WINDOWS\System32\WindowsPowerShell\v1.0\;C:\WINDOWS\System32\OpenSSH\;C:\Program Files (x86)\NVIDIA Corporation\PhysX\Common;C:\Program Files\NVIDIA Corporation\NVIDIA NvDLISR;C:\Program Files (x86)\Microsoft SQL Server\160\DTS\Binn\;C:\Program Files\Azure Data Studio\bin;C:\Users\trian\AppData\Local\Microsoft\WindowsApps;C:\Program Files\Bandizip\;C:\Users\trian\AppData\Local\Programs\Microsoft VS Code\bin;C:\Program Files\Java\jdk1.8.0_202\bin;;C:\Program Files\Azure Data Studio\bin
USERNAME=trian
OS=Windows_NT
PROCESSOR_IDENTIFIER=Intel64 Family 6 Model 158 Stepping 10, GenuineIntel



---------------  S Y S T E M  ---------------

OS: Windows 10 , 64 bit Build 19041 (10.0.19041.2546)
OS uptime: 4 days 4:33 hours

CPU:total 12 (initial active 12) (6 cores per cpu, 2 threads per core) family 6 model 158 stepping 10 microcode 0xd2, cmov, cx8, fxsr, mmx, sse, sse2, sse3, ssse3, sse4.1, sse4.2, popcnt, avx, avx2, aes, clmul, erms, 3dnowpref, lzcnt, ht, tsc, tscinvbit, bmi1, bmi2, adx, fma

Memory: 4k page, system-wide physical 16233M (3583M free)
TotalPageFile size 18281M (AvailPageFile size 4M)
current process WorkingSet (physical memory assigned to process): 535M, peak: 561M
current process commit charge ("private bytes"): 589M, peak: 615M

vm_info: OpenJDK 64-Bit Server VM (11.0.15+0-b2043.56-9505619) for windows-amd64 JRE (11.0.15+0-b2043.56-9505619), built on Jan 19 2023 02:48:00 by "builduser" with unknown MS VC++:1929

END.
